2021-12-23 13:13:17.891447: I tensorflow/stream_executor/platform/default/dso_loader.cc:48] Successfully opened dynamic library libcudart.so.10.1
2021-12-23 13:13:25.538524: I tensorflow/stream_executor/platform/default/dso_loader.cc:48] Successfully opened dynamic library libcuda.so.1
2021-12-23 13:13:25.545292: I tensorflow/stream_executor/cuda/cuda_gpu_executor.cc:982] successful NUMA node read from SysFS had negative value (-1), but there must be at least one NUMA node, so returning NUMA node zero
2021-12-23 13:13:25.546210: I tensorflow/core/common_runtime/gpu/gpu_device.cc:1716] Found device 0 with properties: 
pciBusID: 0000:00:09.0 name: Tesla K80 computeCapability: 3.7
coreClock: 0.8235GHz coreCount: 13 deviceMemorySize: 11.17GiB deviceMemoryBandwidth: 223.96GiB/s
2021-12-23 13:13:25.546282: I tensorflow/stream_executor/platform/default/dso_loader.cc:48] Successfully opened dynamic library libcudart.so.10.1
2021-12-23 13:13:25.552209: I tensorflow/stream_executor/platform/default/dso_loader.cc:48] Successfully opened dynamic library libcublas.so.10
2021-12-23 13:13:25.557148: I tensorflow/stream_executor/platform/default/dso_loader.cc:48] Successfully opened dynamic library libcufft.so.10
2021-12-23 13:13:25.557798: I tensorflow/stream_executor/platform/default/dso_loader.cc:48] Successfully opened dynamic library libcurand.so.10
2021-12-23 13:13:25.564223: I tensorflow/stream_executor/platform/default/dso_loader.cc:48] Successfully opened dynamic library libcusolver.so.10
2021-12-23 13:13:25.566176: I tensorflow/stream_executor/platform/default/dso_loader.cc:48] Successfully opened dynamic library libcusparse.so.10
2021-12-23 13:13:25.566364: W tensorflow/stream_executor/platform/default/dso_loader.cc:59] Could not load dynamic library 'libcudnn.so.7'; dlerror: libcudnn.so.7: cannot open shared object file: No such file or directory; LD_LIBRARY_PATH: /usr/lib64/
2021-12-23 13:13:25.566396: W tensorflow/core/common_runtime/gpu/gpu_device.cc:1753] Cannot dlopen some GPU libraries. Please make sure the missing libraries mentioned above are installed properly if you would like to use GPU. Follow the guide at https://www.tensorflow.org/install/gpu for how to download and setup the required libraries for your platform.
Skipping registering GPU devices...
2021-12-23 13:13:25.577713: I tensorflow/core/platform/profile_utils/cpu_utils.cc:104] CPU Frequency: 2599995000 Hz
2021-12-23 13:13:25.578995: I tensorflow/compiler/xla/service/service.cc:168] XLA service 0xb106320 initialized for platform Host (this does not guarantee that XLA will be used). Devices:
2021-12-23 13:13:25.579045: I tensorflow/compiler/xla/service/service.cc:176]   StreamExecutor device (0): Host, Default Version
2021-12-23 13:13:25.581059: I tensorflow/core/common_runtime/gpu/gpu_device.cc:1257] Device interconnect StreamExecutor with strength 1 edge matrix:
2021-12-23 13:13:25.581092: I tensorflow/core/common_runtime/gpu/gpu_device.cc:1263]      
[93m/usr/local/lib/python3.6/site-packages/rasa/utils/train_utils.py:646: UserWarning: constrain_similarities is set to `False`. It is recommended to set it to `True` when using cross-entropy loss. It will be set to `True` by default, Rasa Open Source 3.0.0 onwards.
  category=UserWarning,
[0m[93m/usr/local/lib/python3.6/site-packages/rasa/shared/utils/io.py:97: UserWarning: Parsing of message: '1237892' lead to overlapping entities: 1237892 of type amount-of-money extracted by DIETClassifier overlaps with 1237892 of type number extracted by DucklingEntityExtractor. This can lead to unintended filling of slots. Please refer to the documentation section on entity extractors and entities getting extracted multiple times:https://rasa.com/docs/rasa/components#entity-extractors
[0m[93m/usr/local/lib/python3.6/site-packages/rasa/shared/utils/io.py:97: UserWarning: Interpreter parsed an entity 'number' which is not defined in the domain. Please make sure all entities are listed in the domain.
  More info at https://rasa.com/docs/rasa/domain
[0m12-23 13:19 rasa.core.processor ERROR    Encountered an exception while running action 'action_reset_BkashTransectionVALUES'.Bot will continue, but the actions events are lost. Please check the logs of your action server for more information.
Traceback (most recent call last):
  File "/usr/local/lib/python3.6/site-packages/rasa/core/actions/action.py", line 686, in run
    json=json_body, method="post", timeout=DEFAULT_REQUEST_TIMEOUT
  File "/usr/local/lib/python3.6/site-packages/rasa/utils/endpoints.py", line 173, in request
    response.status, response.reason, await response.content.read()
rasa.utils.endpoints.ClientResponseError: 404, Not Found, body='b'{"error":"No registered action found for name \'action_reset_BkashTransectionVALUES\'.","action_name":"action_reset_BkashTransectionVALUES"}''

The above exception was the direct cause of the following exception:

Traceback (most recent call last):
  File "/usr/local/lib/python3.6/site-packages/rasa/core/processor.py", line 773, in _run_action
    output_channel, nlg, temporary_tracker, self.domain
  File "/usr/local/lib/python3.6/site-packages/rasa/core/actions/action.py", line 709, in run
    raise RasaException("Failed to execute custom action.") from e
rasa.shared.exceptions.RasaException: Failed to execute custom action.
12-23 13:19 rasa.core.processor ERROR    Encountered an exception while running action 'action_reset_BkashTransectionVALUES'.Bot will continue, but the actions events are lost. Please check the logs of your action server for more information.
Traceback (most recent call last):
  File "/usr/local/lib/python3.6/site-packages/rasa/core/actions/action.py", line 686, in run
    json=json_body, method="post", timeout=DEFAULT_REQUEST_TIMEOUT
  File "/usr/local/lib/python3.6/site-packages/rasa/utils/endpoints.py", line 173, in request
    response.status, response.reason, await response.content.read()
rasa.utils.endpoints.ClientResponseError: 404, Not Found, body='b'{"error":"No registered action found for name \'action_reset_BkashTransectionVALUES\'.","action_name":"action_reset_BkashTransectionVALUES"}''

The above exception was the direct cause of the following exception:

Traceback (most recent call last):
  File "/usr/local/lib/python3.6/site-packages/rasa/core/processor.py", line 773, in _run_action
    output_channel, nlg, temporary_tracker, self.domain
  File "/usr/local/lib/python3.6/site-packages/rasa/core/actions/action.py", line 709, in run
    raise RasaException("Failed to execute custom action.") from e
rasa.shared.exceptions.RasaException: Failed to execute custom action.
12-23 13:19 rasa.core.processor ERROR    Encountered an exception while running action 'action_reset_BkashTransectionVALUES'.Bot will continue, but the actions events are lost. Please check the logs of your action server for more information.
Traceback (most recent call last):
  File "/usr/local/lib/python3.6/site-packages/rasa/core/actions/action.py", line 686, in run
    json=json_body, method="post", timeout=DEFAULT_REQUEST_TIMEOUT
  File "/usr/local/lib/python3.6/site-packages/rasa/utils/endpoints.py", line 173, in request
    response.status, response.reason, await response.content.read()
rasa.utils.endpoints.ClientResponseError: 404, Not Found, body='b'{"error":"No registered action found for name \'action_reset_BkashTransectionVALUES\'.","action_name":"action_reset_BkashTransectionVALUES"}''

The above exception was the direct cause of the following exception:

Traceback (most recent call last):
  File "/usr/local/lib/python3.6/site-packages/rasa/core/processor.py", line 773, in _run_action
    output_channel, nlg, temporary_tracker, self.domain
  File "/usr/local/lib/python3.6/site-packages/rasa/core/actions/action.py", line 709, in run
    raise RasaException("Failed to execute custom action.") from e
rasa.shared.exceptions.RasaException: Failed to execute custom action.
action endpoint: "http://localhost:5056/webhook"
action endpoint: "http://localhost:5056/webhook"
======== Running on http://0.0.0.0:5004 ========
(Press CTRL+C to quit)
Request:
{'sender': '1640243911200779142', 'message': 'Hello', 'metadata': 'bn'}
Response:
[{'recipient_id': 'default', 'text': '‡¶π‡ßç‡¶Ø‡¶æ‡¶≤‡ßã, ‡¶Ü‡¶Æ‡¶ø ‡¶¶‡¶ø‡¶∂‡¶æ‡•§ ‡¶Ü‡¶™‡¶®‡¶æ‡¶∞ ‡¶≠‡¶æ‡¶∞‡ßç‡¶ö‡ßÅ‡ßü‡¶æ‡¶≤ ‡¶Ö‡ßç‡¶Ø‡¶æ‡¶∏‡¶ø‡¶∏‡ßç‡¶ü‡ßç‡¶Ø‡¶æ‡¶®‡ßç‡¶ü‡•§'}, {'recipient_id': 'default', 'text': '‡¶Ü‡¶Æ‡¶ø ‡¶Ü‡¶™‡¶®‡¶æ‡¶ï‡ßá ‡¶ï‡¶ø‡¶≠‡¶æ‡¶¨‡ßá ‡¶∏‡¶π‡¶æ‡ßü‡¶§‡¶æ ‡¶ï‡¶∞‡¶§‡ßá ‡¶™‡¶æ‡¶∞‡¶ø?'}]
Request:
{'sender': '1640243911200779142', 'message': '‡¶Ü‡¶Æ‡¶æ‡¶∞ ‡¶¨‡ßç‡¶Ø‡¶æ‡¶≤‡ßá‡¶®‡ßç‡¶∏ ‡¶ï‡¶§', 'metadata': 'bn'}
Response:
[{'recipient_id': 'default', 'text': '‡¶è‡¶ï‡¶æ‡¶â‡¶®‡ßç‡¶ü ‡¶®‡¶æ‡¶Æ‡ßç‡¶¨‡¶æ‡¶∞ ‡¶¨‡¶≤‡ßÅ‡¶®'}]
Request:
{'sender': '1640243911200779142', 'message': '‡¶ì‡ßü‡¶æ‡¶® ‡¶ü‡ßÅ ‡¶•‡ßç‡¶∞‡¶ø ‡¶∏‡ßá‡¶≠‡ßá‡¶® ‡¶è‡¶á‡¶ü ‡¶®‡¶æ‡¶á‡¶® ‡¶ü‡ßÅ ‡¶ü‡ßá‡¶®', 'metadata': 'bn'}
Response:
[{'recipient_id': 'default', 'text': '‡¶è‡¶ï‡¶æ‡¶â‡¶®‡ßç‡¶ü ‡¶®‡¶æ‡¶Æ‡ßç‡¶¨‡¶æ‡¶∞ ‡¶¨‡¶≤‡ßÅ‡¶®'}]
Request:
{'sender': '1640243911200779142', 'message': '‡¶ì‡ßü‡¶æ‡¶® ‡¶ü‡ßÅ ‡¶•‡ßç‡¶∞‡¶ø ‡¶´‡ßã‡¶∞ ‡¶´‡¶æ‡¶á‡¶≠ ‡¶∏‡¶ø‡¶ï‡ßç‡¶∏ ‡¶∏‡ßá‡¶≠‡ßá‡¶®', 'metadata': 'bn'}
Response:
[{'recipient_id': 'default', 'text': '‡¶è‡¶ï‡¶æ‡¶â‡¶®‡ßç‡¶ü ‡¶®‡¶æ‡¶Æ‡ßç‡¶¨‡¶æ‡¶∞ ‡¶¨‡¶≤‡ßÅ‡¶®'}]
Request:
{'sender': '1640243911200779142', 'message': '‡¶ì‡ßü‡¶æ‡¶® ‡¶ü‡ßÅ ‡¶•‡ßç‡¶∞‡¶ø', 'metadata': 'bn'}
Response:
[{'recipient_id': 'default', 'text': '‡¶è‡¶ï‡¶æ‡¶â‡¶®‡ßç‡¶ü ‡¶®‡¶æ‡¶Æ‡ßç‡¶¨‡¶æ‡¶∞ ‡¶¨‡¶≤‡ßÅ‡¶®'}]
2021-12-28 12:22:21.733971: I tensorflow/stream_executor/platform/default/dso_loader.cc:48] Successfully opened dynamic library libcudart.so.10.1
2021-12-28 12:22:31.407109: I tensorflow/stream_executor/platform/default/dso_loader.cc:48] Successfully opened dynamic library libcuda.so.1
2021-12-28 12:22:31.432716: I tensorflow/stream_executor/cuda/cuda_gpu_executor.cc:982] successful NUMA node read from SysFS had negative value (-1), but there must be at least one NUMA node, so returning NUMA node zero
2021-12-28 12:22:31.433703: I tensorflow/core/common_runtime/gpu/gpu_device.cc:1716] Found device 0 with properties: 
pciBusID: 0000:00:09.0 name: Tesla K80 computeCapability: 3.7
coreClock: 0.8235GHz coreCount: 13 deviceMemorySize: 11.17GiB deviceMemoryBandwidth: 223.96GiB/s
2021-12-28 12:22:31.433779: I tensorflow/stream_executor/platform/default/dso_loader.cc:48] Successfully opened dynamic library libcudart.so.10.1
2021-12-28 12:22:31.440216: I tensorflow/stream_executor/platform/default/dso_loader.cc:48] Successfully opened dynamic library libcublas.so.10
2021-12-28 12:22:31.446214: I tensorflow/stream_executor/platform/default/dso_loader.cc:48] Successfully opened dynamic library libcufft.so.10
2021-12-28 12:22:31.447176: I tensorflow/stream_executor/platform/default/dso_loader.cc:48] Successfully opened dynamic library libcurand.so.10
2021-12-28 12:22:31.454863: I tensorflow/stream_executor/platform/default/dso_loader.cc:48] Successfully opened dynamic library libcusolver.so.10
2021-12-28 12:22:31.457011: I tensorflow/stream_executor/platform/default/dso_loader.cc:48] Successfully opened dynamic library libcusparse.so.10
2021-12-28 12:22:31.457238: W tensorflow/stream_executor/platform/default/dso_loader.cc:59] Could not load dynamic library 'libcudnn.so.7'; dlerror: libcudnn.so.7: cannot open shared object file: No such file or directory; LD_LIBRARY_PATH: /usr/lib64/
2021-12-28 12:22:31.457272: W tensorflow/core/common_runtime/gpu/gpu_device.cc:1753] Cannot dlopen some GPU libraries. Please make sure the missing libraries mentioned above are installed properly if you would like to use GPU. Follow the guide at https://www.tensorflow.org/install/gpu for how to download and setup the required libraries for your platform.
Skipping registering GPU devices...
2021-12-28 12:22:31.469459: I tensorflow/core/platform/profile_utils/cpu_utils.cc:104] CPU Frequency: 2599995000 Hz
2021-12-28 12:22:31.470703: I tensorflow/compiler/xla/service/service.cc:168] XLA service 0x1108e150 initialized for platform Host (this does not guarantee that XLA will be used). Devices:
2021-12-28 12:22:31.470746: I tensorflow/compiler/xla/service/service.cc:176]   StreamExecutor device (0): Host, Default Version
2021-12-28 12:22:31.472763: I tensorflow/core/common_runtime/gpu/gpu_device.cc:1257] Device interconnect StreamExecutor with strength 1 edge matrix:
2021-12-28 12:22:31.472810: I tensorflow/core/common_runtime/gpu/gpu_device.cc:1263]      
action endpoint: "http://localhost:5056/webhook"
action endpoint: "http://localhost:5056/webhook"
======== Running on http://0.0.0.0:5004 ========
(Press CTRL+C to quit)
<Request GET / >
<Request GET / >
PEPNxsUQMayU-7GIAAAD
lang: bn
campaign: False
‡¶ü‡¶æ‡¶á‡¶Æ ‡¶ï‡¶§
new user message
‡¶ü‡¶æ‡¶á‡¶Æ ‡¶ï‡¶§
Response:
[{'recipient_id': 'PEPNxsUQMayU-7GIAAAD', 'text': '‡¶è‡¶ñ‡¶® ‡¶∏‡¶Æ‡ßü, ‡¶¨‡¶æ‡¶∞‡ßã ‡¶ü‡¶æ ‡¶¨‡ßá‡¶ú‡ßá ‡¶¨‡¶æ‡¶∞‡ßã ‡¶Æ‡¶ø‡¶®‡¶ø‡¶ü‡•§ ‡¶Ü‡¶ú‡¶ï‡ßá‡¶∞ ‡¶§‡¶æ‡¶∞‡¶ø‡¶ñ ‡¶π‡¶ö‡ßç‡¶õ‡ßá, ‡¶Ü‡¶†‡¶æ‡¶∂, ‡¶°‡¶ø‡¶∏‡ßá‡¶Æ‡ßç‡¶¨‡¶∞, ‡¶¶‡ßÅ‡¶á ‡¶π‡¶æ‡¶ú‡¶æ‡¶∞ ‡¶è‡¶ï‡ßÅ‡¶∂ ‡•§'}]
{'tracker': {'active_loop': {},
             'events': None,
             'followup_action': None,
             'latest_action': {'action_name': 'action_listen'},
             'latest_action_name': 'action_listen',
             'latest_event_time': 1640672792.3419905,
             'latest_input_channel': None,
             'latest_message': {'entities': [],
                                'intent': {'confidence': 0.9997659921646118,
                                           'id': 4290512966500514481,
                                           'name': 'Ask_Time'},
                                'intent_ranking': [{'confidence': 0.9997659921646118,
                                                    'id': 4290512966500514481,
                                                    'name': 'Ask_Time'},
                                                   {'confidence': 0.00010758961434476078,
                                                    'id': 403771915673127011,
                                                    'name': 'deny'},
                                                   {'confidence': 3.143509820802137e-05,
                                                    'id': 125846294322734597,
                                                    'name': 'weather'},
                                                   {'confidence': 3.0617280572187155e-05,
                                                    'id': -2695623604608581545,
                                                    'name': 'check_human'},
                                                   {'confidence': 2.4612514607724734e-05,
                                                    'id': 6333435272925180997,
                                                    'name': 'affirm'},
                                                   {'confidence': 2.022306580329314e-05,
                                                    'id': 4135395160503699237,
                                                    'name': 'Exchange_rate'},
                                                   {'confidence': 8.84684322954854e-06,
                                                    'id': 7038353897683325636,
                                                    'name': 'goodbye'},
                                                   {'confidence': 5.66625840292545e-06,
                                                    'id': -3455499638342180077,
                                                    'name': 'agent_transfer'},
                                                   {'confidence': 3.272087042205385e-06,
                                                    'id': -6815837566000084972,
                                                    'name': 'inform'},
                                                   {'confidence': 1.7211898466484854e-06,
                                                    'id': -8637366820505009600,
                                                    'name': 'check_balance'}],
                                'message_id': '66a60ad20a1f450397246cb8c8c03d31',
                                'metadata': {},
                                'text': '‡¶ü‡¶æ‡¶á‡¶Æ '
                                        '‡¶ï‡¶§'},
             'paused': False,
             'sender_id': 'PEPNxsUQMayU-7GIAAAD',
             'slots': {'CCV': None,
                       'PIN': None,
                       'Valid_DATE': None,
                       'account_number': None,
                       'amount-of-money': None,
                       'card_number': None,
                       'currency': 'BDT',
                       'phone_number': None,
                       'requested_slot': None,
                       'session_started_metadata': None}}}
{'text': '‡¶è‡¶ñ‡¶® ‡¶∏‡¶Æ‡ßü, ‡¶¨‡¶æ‡¶∞‡ßã ‡¶ü‡¶æ ‡¶¨‡ßá‡¶ú‡ßá ‡¶¨‡¶æ‡¶∞‡ßã ‡¶Æ‡¶ø‡¶®‡¶ø‡¶ü‡•§ ‡¶Ü‡¶ú‡¶ï‡ßá‡¶∞ ‡¶§‡¶æ‡¶∞‡¶ø‡¶ñ ‡¶π‡¶ö‡ßç‡¶õ‡ßá, ‡¶Ü‡¶†‡¶æ‡¶∂, ‡¶°‡¶ø‡¶∏‡ßá‡¶Æ‡ßç‡¶¨‡¶∞, ‡¶¶‡ßÅ‡¶á ‡¶π‡¶æ‡¶ú‡¶æ‡¶∞ ‡¶è‡¶ï‡ßÅ‡¶∂ ‡•§'}
PEPNxsUQMayU-7GIAAAD
lang: bn
campaign: False
‡¶§‡¶æ‡¶∞‡¶ø‡¶ï ‡¶ï‡¶§
new user message
‡¶§‡¶æ‡¶∞‡¶ø‡¶ï ‡¶ï‡¶§
Response:
[{'recipient_id': 'PEPNxsUQMayU-7GIAAAD', 'text': '‡¶è‡¶ñ‡¶® ‡¶∏‡¶Æ‡ßü, ‡¶¨‡¶æ‡¶∞‡ßã ‡¶ü‡¶æ ‡¶¨‡ßá‡¶ú‡ßá ‡¶¨‡¶æ‡¶∞‡ßã ‡¶Æ‡¶ø‡¶®‡¶ø‡¶ü‡•§ ‡¶Ü‡¶ú‡¶ï‡ßá‡¶∞ ‡¶§‡¶æ‡¶∞‡¶ø‡¶ñ ‡¶π‡¶ö‡ßç‡¶õ‡ßá, ‡¶Ü‡¶†‡¶æ‡¶∂, ‡¶°‡¶ø‡¶∏‡ßá‡¶Æ‡ßç‡¶¨‡¶∞, ‡¶¶‡ßÅ‡¶á ‡¶π‡¶æ‡¶ú‡¶æ‡¶∞ ‡¶è‡¶ï‡ßÅ‡¶∂ ‡•§'}]
{'tracker': {'active_loop': {},
             'events': None,
             'followup_action': None,
             'latest_action': {'action_name': 'action_listen'},
             'latest_action_name': 'action_listen',
             'latest_event_time': 1640672806.0735373,
             'latest_input_channel': None,
             'latest_message': {'entities': [],
                                'intent': {'confidence': 0.9315541386604309,
                                           'id': 4290512966500514481,
                                           'name': 'Ask_Time'},
                                'intent_ranking': [{'confidence': 0.9315541386604309,
                                                    'id': 4290512966500514481,
                                                    'name': 'Ask_Time'},
                                                   {'confidence': 0.031175047159194946,
                                                    'id': 6333435272925180997,
                                                    'name': 'affirm'},
                                                   {'confidence': 0.023363785818219185,
                                                    'id': 403771915673127011,
                                                    'name': 'deny'},
                                                   {'confidence': 0.0052762567065656185,
                                                    'id': 4135395160503699237,
                                                    'name': 'Exchange_rate'},
                                                   {'confidence': 0.0037621138617396355,
                                                    'id': -8637366820505009600,
                                                    'name': 'check_balance'},
                                                   {'confidence': 0.001718635205179453,
                                                    'id': 7038353897683325636,
                                                    'name': 'goodbye'},
                                                   {'confidence': 0.0011722039198502898,
                                                    'id': -2695623604608581545,
                                                    'name': 'check_human'},
                                                   {'confidence': 0.0008066342561505735,
                                                    'id': -5083157372318933230,
                                                    'name': 'campaign'},
                                                   {'confidence': 0.0006858297274447978,
                                                    'id': -3455499638342180077,
                                                    'name': 'agent_transfer'},
                                                   {'confidence': 0.00048535983660258353,
                                                    'id': -6815837566000084972,
                                                    'name': 'inform'}],
                                'message_id': '40859f80751b4eecad68c407e3d1841f',
                                'metadata': {},
                                'text': '‡¶§‡¶æ‡¶∞‡¶ø‡¶ï '
                                        '‡¶ï‡¶§'[93m/usr/local/lib/python3.6/site-packages/rasa/utils/train_utils.py:646: UserWarning: constrain_similarities is set to `False`. It is recommended to set it to `True` when using cross-entropy loss. It will be set to `True` by default, Rasa Open Source 3.0.0 onwards.
  category=UserWarning,
[0m[93m/usr/local/lib/python3.6/site-packages/rasa/shared/utils/io.py:97: UserWarning: Interpreter parsed an intent 'Ask_Time' which is not defined in the domain. Please make sure all intents are listed in the domain.
  More info at https://rasa.com/docs/rasa/domain
[0m[93m/usr/local/lib/python3.6/site-packages/rasa/shared/utils/io.py:97: UserWarning: Parsing of message: '12345678' lead to overlapping entities: 12345678 of type account_number extracted by DIETClassifier overlaps with 12345678 of type number extracted by DucklingEntityExtractor. This can lead to unintended filling of slots. Please refer to the documentation section on entity extractors and entities getting extracted multiple times:https://rasa.com/docs/rasa/components#entity-extractors
[0m[93m/usr/local/lib/python3.6/site-packages/rasa/shared/utils/io.py:97: UserWarning: Interpreter parsed an entity 'number' which is not defined in the domain. Please make sure all entities are listed in the domain.
  More info at https://rasa.com/docs/rasa/domain
[0m12-28 12:37 rasa.core.processor ERROR    Encountered an exception while running action 'action_default_fallback'.Bot will continue, but the actions events are lost. Please check the logs of your action server for more information.
Traceback (most recent call last):
  File "/usr/local/lib/python3.6/site-packages/rasa/core/actions/action.py", line 686, in run
    json=json_body, method="post", timeout=DEFAULT_REQUEST_TIMEOUT
  File "/usr/local/lib/python3.6/site-packages/rasa/utils/endpoints.py", line 173, in request
    response.status, response.reason, await response.content.read()
rasa.utils.endpoints.ClientResponseError: 404, Not Found, body='b'{"error":"No registered action found for name \'action_default_fallback\'.","action_name":"action_default_fallback"}''

The above exception was the direct cause of the following exception:

Traceback (most recent call last):
  File "/usr/local/lib/python3.6/site-packages/rasa/core/processor.py", line 773, in _run_action
    output_channel, nlg, temporary_tracker, self.domain
  File "/usr/local/lib/python3.6/site-packages/rasa/core/actions/action.py", line 709, in run
    raise RasaException("Failed to execute custom action.") from e
rasa.shared.exceptions.RasaException: Failed to execute custom action.
},
             'paused': False,
             'sender_id': 'PEPNxsUQMayU-7GIAAAD',
             'slots': {'CCV': None,
                       'PIN': None,
                       'Valid_DATE': None,
                       'account_number': None,
                       'amount-of-money': None,
                       'card_number': None,
                       'currency': 'BDT',
                       'phone_number': None,
                       'requested_slot': None,
                       'session_started_metadata': None}}}
{'text': '‡¶è‡¶ñ‡¶® ‡¶∏‡¶Æ‡ßü, ‡¶¨‡¶æ‡¶∞‡ßã ‡¶ü‡¶æ ‡¶¨‡ßá‡¶ú‡ßá ‡¶¨‡¶æ‡¶∞‡ßã ‡¶Æ‡¶ø‡¶®‡¶ø‡¶ü‡•§ ‡¶Ü‡¶ú‡¶ï‡ßá‡¶∞ ‡¶§‡¶æ‡¶∞‡¶ø‡¶ñ ‡¶π‡¶ö‡ßç‡¶õ‡ßá, ‡¶Ü‡¶†‡¶æ‡¶∂, ‡¶°‡¶ø‡¶∏‡ßá‡¶Æ‡ßç‡¶¨‡¶∞, ‡¶¶‡ßÅ‡¶á ‡¶π‡¶æ‡¶ú‡¶æ‡¶∞ ‡¶è‡¶ï‡ßÅ‡¶∂ ‡•§'}
Request:
{'sender': '1640672891215909005', 'message': 'Hello', 'metadata': 'bn'}
Hello
Response:
[{'recipient_id': 'default', 'text': '‡¶π‡¶æ‡¶á, ‡¶Ü‡¶Æ‡¶ø ‡¶¶‡¶ø‡¶∂‡¶æ‡•§ ‡¶Ü‡¶™‡¶®‡¶æ‡¶∞ ‡¶≠‡¶æ‡¶∞‡ßç‡¶ö‡ßÅ‡ßü‡¶æ‡¶≤ ‡¶Ö‡ßç‡¶Ø‡¶æ‡¶∏‡¶ø‡¶∏‡ßç‡¶ü‡ßç‡¶Ø‡¶æ‡¶®‡ßç‡¶ü‡•§ ‡¶Ü‡¶Æ‡¶ø ‡¶Ü‡¶™‡¶®‡¶æ‡¶ï‡ßá ‡¶ï‡¶ø‡¶≠‡¶æ‡¶¨‡ßá ‡¶∏‡¶π‡¶æ‡ßü‡¶§‡¶æ ‡¶ï‡¶∞‡¶§‡ßá ‡¶™‡¶æ‡¶∞‡¶ø?'}]
Request:
{'sender': '1640672891215909005', 'message': '‡¶Ü‡¶Æ‡¶æ‡¶∞ ‡¶Ö‡ßç‡¶Ø‡¶æ‡¶ï‡¶æ‡¶â‡¶®‡ßç‡¶ü‡ßá ‡¶¨‡ßç‡¶Ø‡¶æ‡¶≤‡ßá‡¶®‡ßç‡¶∏ ‡¶ï‡¶§ ‡¶™‡¶∞‡¶ø‡¶Æ‡¶æ‡¶£', 'metadata': 'bn'}
‡¶Ü‡¶Æ‡¶æ‡¶∞ ‡¶Ö‡ßç‡¶Ø‡¶æ‡¶ï‡¶æ‡¶â‡¶®‡ßç‡¶ü‡ßá ‡¶¨‡ßç‡¶Ø‡¶æ‡¶≤‡ßá‡¶®‡ßç‡¶∏ ‡¶ï‡¶§ ‡¶™‡¶∞‡¶ø‡¶Æ‡¶æ‡¶£
Response:
[{'recipient_id': 'default', 'text': '‡¶Ü‡¶ü ‡¶°‡¶ø‡¶ú‡¶ø‡¶ü ‡¶è‡¶∞ ‡¶è‡¶ï‡¶æ‡¶â‡¶®‡ßç‡¶ü ‡¶®‡¶æ‡¶Æ‡ßç‡¶¨‡¶æ‡¶∞ ‡¶¨‡¶≤‡ßÅ‡¶®'}]
Request:
{'sender': '1640672891215909005', 'message': '‡¶ì‡ßü‡¶æ‡¶® ‡¶ü‡ßÅ ‡¶•‡ßç‡¶∞‡¶ø ‡¶´‡ßã‡¶∞ ‡¶´‡¶æ‡¶á‡¶≠ ‡¶∏‡¶ø‡¶ï‡ßç‡¶∏ ‡¶∏‡ßá‡¶≠‡ßá‡¶® ‡¶è‡¶á‡¶ü', 'metadata': 'bn'}
12345678
Response:
[{'recipient_id': 'default', 'text': '‡¶Ü‡¶™‡¶®‡¶ø ‡¶¨‡¶≤‡ßá‡¶õ‡ßá‡¶®,  ‡¶ì‡ßü‡¶æ‡¶® ‡¶ü‡ßÅ ‡¶•‡ßç‡¶∞‡¶ø ‡¶´‡ßã‡¶∞ ‡¶´‡¶æ‡¶á‡¶≠ ‡¶∏‡¶ø‡¶ï‡ßç‡¶∏ ‡¶∏‡ßá‡¶≠‡ßá‡¶® ‡¶è‡¶á‡¶ü ‡•§ ‡¶∏‡ßá‡¶ü‡¶æ ‡¶†‡¶ø‡¶ï ‡¶π‡¶≤‡ßá ‡¶¨‡¶≤‡ßÅ‡¶®, ‡¶π‡ßç‡¶Ø‡¶æ ‡¶†‡¶ø‡¶ï ‡¶Ü‡¶õ‡ßá ‡•§'}]
Request:
{'sender': '1640672891215909005', 'message': '‡¶†‡¶ø‡¶ï ‡¶Ü‡¶õ‡ßá', 'metadata': 'bn'}
‡¶†‡¶ø‡¶ï ‡¶Ü‡¶õ‡ßá
Response:
[{'recipient_id': 'default', 'text': '‡¶Ü‡¶™‡¶®‡¶æ‡¶∞ ‡¶ö‡¶æ‡¶∞ ‡¶°‡¶ø‡¶ú‡¶ø‡¶ü ‡¶è‡¶∞ ‡¶™‡¶ø‡¶® ‡¶®‡¶æ‡¶Æ‡ßç‡¶¨‡¶æ‡¶∞ ‡¶á‡¶Ç‡¶≤‡¶ø‡¶∂ ‡¶™‡ßÇ‡¶∞‡ßç‡¶£ ‡¶∏‡¶Ç‡¶ñ‡ßç‡¶Ø‡¶æ ‡¶¨‡¶≤‡ßÅ‡¶®'}]
Request:
{'sender': '1640672891215909005', 'message': '‡¶´‡¶æ‡¶á‡¶≠ ‡¶∏‡¶ø‡¶ï‡ßç‡¶∏ ‡¶∏‡ßá‡¶≠‡ßá‡¶® ‡¶è‡¶á‡¶ü', 'metadata': 'bn'}
5678
Response:
[{'recipient_id': 'default', 'text': '‡¶Ü‡¶™‡¶®‡¶ø ‡¶¨‡¶≤‡ßá‡¶õ‡ßá‡¶®,  ‡¶´‡¶æ‡¶á‡¶≠ ‡¶∏‡¶ø‡¶ï‡ßç‡¶∏ ‡¶∏‡ßá‡¶≠‡ßá‡¶® ‡¶è‡¶á‡¶ü ‡•§ ‡¶∏‡ßá‡¶ü‡¶æ ‡¶†‡¶ø‡¶ï ‡¶π‡¶≤‡ßá ‡¶¨‡¶≤‡ßÅ‡¶®, ‡¶π‡ßç‡¶Ø‡¶æ ‡¶†‡¶ø‡¶ï ‡¶Ü‡¶õ‡ßá ‡•§'}]
Request:
{'sender': '1640672891215909005', 'message': '‡¶†‡¶ø‡¶ï ‡¶Ü‡¶õ‡ßá ‡¶¶‡ßá‡¶®', 'metadata': 'bn'}
‡¶†‡¶ø‡¶ï ‡¶Ü‡¶õ‡ßá ‡¶¶‡ßá‡¶®
Response:
[{'recipient_id': 'default', 'text': '‡¶Ü‡¶™‡¶®‡¶æ‡¶∞ ‡¶Ö‡ßç‡¶Ø‡¶æ‡¶ï‡¶æ‡¶â‡¶®‡ßç‡¶ü‡ßá‡¶∞ ‡¶¨‡ßç‡¶Ø‡¶æ‡¶≤‡ßá‡¶®‡ßç‡¶∏ ‡¶π‡¶≤ ‡¶è‡¶ï ‡¶≤‡¶ï‡ßç‡¶∑ ‡¶õ‡ßü ‡¶π‡¶æ‡¶ú‡¶æ‡¶∞ ‡¶ü‡¶æ‡¶ï‡¶æ'}]
Request:
{'sender': '1640672891215909005', 'message': '‡¶Ü‡¶ú‡¶ï‡ßá ‡¶°‡¶≤‡¶æ‡¶∞‡ßá ‡¶°‡ßá‡¶ü ‡¶ï‡¶§', 'metadata': 'bn'}
‡¶Ü‡¶ú‡¶ï‡ßá ‡¶°‡¶≤‡¶æ‡¶∞‡ßá ‡¶°‡ßá‡¶ü ‡¶ï‡¶§
changed text
Response:
[{'recipient_id': 'default', 'text': '‡¶Ü‡¶ú‡¶ï‡ßá‡¶∞ ‡¶∞‡ßá‡¶ü ‡¶π‡¶ö‡ßç‡¶õ‡ßá ‡¶™‡¶Å‡¶ö‡¶æ‡¶∂‡¶ø ‡¶ü‡¶æ‡¶ï‡¶æ ‡¶¨‡¶æ‡¶π‡¶æ‡¶§‡ßç‡¶§‡¶∞ ‡¶™‡ßü‡¶∏‡¶æ‡•§'}]
Request:
{'sender': '1640672891215909005', 'message': '‡¶è‡¶ñ‡¶® ‡¶´‡¶∞‡¶ø‡¶¶‡¶æ ‡¶™‡¶æ‡¶∞‡¶≠‡ßÄ‡¶®', 'metadata': 'bn'}
‡¶è‡¶ñ‡¶® ‡¶´‡¶∞‡¶ø‡¶¶‡¶æ ‡¶™‡¶æ‡¶∞‡¶≠‡ßÄ‡¶®
Response:
[{'recipient_id': 'default', 'text': '‡¶è‡¶ñ‡¶® ‡¶∏‡¶Æ‡ßü, ‡¶¨‡¶æ‡¶∞‡ßã ‡¶ü‡¶æ ‡¶¨‡ßá‡¶ú‡ßá ‡¶¨‡¶æ‡¶∞‡ßã ‡¶Æ‡¶ø‡¶®‡¶ø‡¶ü‡•§ ‡¶Ü‡¶ú‡¶ï‡ßá‡¶∞ ‡¶§‡¶æ‡¶∞‡¶ø‡¶ñ ‡¶π‡¶ö‡ßç‡¶õ‡ßá, ‡¶Ü‡¶†‡¶æ‡¶∂, ‡¶°‡¶ø‡¶∏‡ßá‡¶Æ‡ßç‡¶¨‡¶∞, ‡¶¶‡ßÅ‡¶á ‡¶π‡¶æ‡¶ú‡¶æ‡¶∞ ‡¶è‡¶ï‡ßÅ‡¶∂ ‡•§'}]
Request:
{'sender': '1640672891215909005', 'message': '‡¶ö‡¶æ‡¶∞ ‡¶ï‡¶ø‡¶®‡ßç‡¶§‡ßÅ ‡¶ö‡ßç‡¶Ø‡¶æ‡¶®‡ßá‡¶≤ ‡¶è‡¶ñ‡¶® ‡¶§‡ßç‡¶∞‡¶ø‡¶∂ ‡¶ê ‡¶®‡¶æ‡¶Æ‡ßç‡¶¨‡¶æ‡¶∞‡ßá ‡¶§‡ßã ‡¶™‡¶æ‡¶∞‡¶¨‡ßã ‡¶è‡¶ï‡¶ü‡ßÅ ‡¶¨‡ßÅ‡¶ù‡¶æ ‡¶ó‡ßá‡¶≤‡ßã ‡¶®‡¶æ‡¶ï‡¶ø ‡¶®‡¶æ‡¶á', 'metadata': 'bn'}
‡¶ö‡¶æ‡¶∞ ‡¶ï‡¶ø‡¶®‡ßç‡¶§‡ßÅ ‡¶ö‡ßç‡¶Ø‡¶æ‡¶®‡ßá‡¶≤ ‡¶è‡¶ñ‡¶® ‡¶§‡ßç‡¶∞‡¶ø‡¶∂ ‡¶ê ‡¶®‡¶æ‡¶Æ‡ßç‡¶¨‡¶æ‡¶∞‡ßá ‡¶§‡ßã ‡¶™‡¶æ‡¶∞‡¶¨‡ßã ‡¶è‡¶ï‡¶ü‡ßÅ ‡¶¨‡ßÅ‡¶ù‡¶æ ‡¶ó‡ßá‡¶≤‡ßã ‡¶®‡¶æ‡¶ï‡¶ø ‡¶®‡¶æ‡¶á
Response:
[{'recipient_id': 'default', 'text': '‡¶¶‡ßÅ‡¶É‡¶ñ‡¶ø‡¶§! ‡¶Ü‡¶Æ‡¶ø ‡¶Ö‡¶™‡ßç‡¶∞‡¶æ‡¶∏‡¶ô‡ßç‡¶ó‡¶ø‡¶ï ‡¶™‡ßç‡¶∞‡¶∂‡ßç‡¶®‡ßá‡¶∞ ‡¶â‡¶§‡ßç‡¶§‡¶∞ ‡¶¶‡¶ø‡¶§‡ßá ‡¶™‡¶æ‡¶∞‡¶õ‡¶ø ‡¶®‡¶æ‡•§'}]
Request:
{'sender': '1640672891215909005', 'message': '‡¶™‡¶≤‡ßç‡¶≤‡¶¨‡ßÄ ‡¶∂‡¶æ‡¶ñ‡¶æ', 'metadata': 'bn'}
‡¶™‡¶≤‡ßç‡¶≤‡¶¨‡ßÄ ‡¶∂‡¶æ‡¶ñ‡¶æ
Response:
[{'recipient_id': 'default', 'text': '‡¶Ü‡¶Æ‡¶ø ‡¶Ü‡¶™‡¶®‡¶æ‡¶∞ ‡¶¨‡¶æ‡¶∞‡ßç‡¶§‡¶æ ‡¶ü‡¶æ ‡¶¨‡ßÅ‡¶ù‡¶§‡ßá ‡¶™‡¶æ‡¶∞‡¶ø ‡¶®‡¶ø‡•§ ‡¶Ü‡¶™‡¶®‡¶ø ‡¶ï‡¶ø ‡¶Ö‡¶®‡ßç‡¶Ø‡¶≠‡¶æ‡¶¨‡ßá ‡¶¨‡¶≤‡¶§‡ßá ‡¶™‡¶æ‡¶∞‡¶¨‡ßá‡¶® ‡¶™‡ßç‡¶≤‡¶ø‡¶ú?'}]
Request:
{'sender': '1640672891215909005', 'message': '‡¶Ü‡¶ú‡¶ï‡ßá‡¶∞ ‡¶ì‡ßü‡ßá‡¶¨ ‡¶è‡¶ü‡¶æ ‡¶¨‡¶®‡ßç‡¶ß', 'metadata': 'bn'}
‡¶Ü‡¶ú‡¶ï‡ßá‡¶∞ ‡¶ì‡ßü‡ßá‡¶¨ ‡¶è‡¶ü‡¶æ ‡¶¨‡¶®‡ßç‡¶ß
Response:
[{'recipient_id': 'default', 'text': '‡¶Ü‡¶ú‡¶ï‡ßá‡¶∞ ‡¶ì‡ßü‡ßá‡¶¶‡¶æ‡¶∞, ‡¶Æ‡ßá‡¶ò ‡¶Æ‡ßÅ‡¶ï‡ßç‡¶§ ‡¶Æ‡¶æ‡¶ü‡¶ø, ‡¶ï‡¶æ‡¶Å‡¶¶‡¶æ ‡¶Æ‡ßÅ‡¶ï‡ßç‡¶§ ‡¶Ü‡¶ï‡¶æ‡¶∂, ‡¶ñ‡ßÅ‡¶¨‡¶á ‡¶ö‡¶Æ‡ßé‡¶ï‡¶æ‡¶∞ ‡¶ì‡ßü‡ßá‡¶¶‡¶æ‡¶∞‡•§'}]
Request:
{'sender': '1640673076206164006', 'message': 'Hello', 'metadata': 'bn'}
Hello
Response:
[{'recipient_id': 'default', 'text': '‡¶π‡ßç‡¶Ø‡¶æ‡¶≤‡ßã, ‡¶Ü‡¶Æ‡¶ø ‡¶¶‡¶ø‡¶∂‡¶æ‡•§ ‡¶Ü‡¶™‡¶®‡¶æ‡¶∞ ‡¶≠‡¶æ‡¶∞‡ßç‡¶ö‡ßÅ‡ßü‡¶æ‡¶≤ ‡¶Ö‡ßç‡¶Ø‡¶æ‡¶∏‡¶ø‡¶∏‡ßç‡¶ü‡ßç‡¶Ø‡¶æ‡¶®‡ßç‡¶ü‡•§ ‡¶Ü‡¶Æ‡¶ø ‡¶Ü‡¶™‡¶®‡¶æ‡¶ï‡ßá ‡¶ï‡¶ø‡¶≠‡¶æ‡¶¨‡ßá ‡¶∏‡¶π‡¶æ‡ßü‡¶§‡¶æ ‡¶ï‡¶∞‡¶§‡ßá ‡¶™‡¶æ‡¶∞‡¶ø?'}]
Request:
{'sender': '1640673076206164006', 'message': '‡¶è‡¶ï‡¶§‡ßç‡¶∞‡¶ø‡¶∂ ‡¶Ö‡¶ü‡ßã‡¶Æ‡ßá‡¶ü‡¶ø‡¶ï ‡¶ö‡¶≤‡ßá ‡¶®‡¶æ‡¶ï‡¶ø ‡¶®‡¶æ‡¶á', 'metadata': 'bn'}
‡¶è‡¶ï‡¶§‡ßç‡¶∞‡¶ø‡¶∂ ‡¶Ö‡¶ü‡ßã‡¶Æ‡ßá‡¶ü‡¶ø‡¶ï ‡¶ö‡¶≤‡ßá ‡¶®‡¶æ‡¶ï‡¶ø ‡¶®‡¶æ‡¶á
Response:
[{'recipient_id': 'default', 'text': '‡¶Ü‡¶Æ‡¶ø ‡¶Ü‡¶™‡¶®‡¶æ‡¶∞ ‡¶¨‡¶æ‡¶∞‡ßç‡¶§‡¶æ ‡¶ü‡¶æ ‡¶¨‡ßÅ‡¶ù‡¶§‡ßá ‡¶™‡¶æ‡¶∞‡¶ø ‡¶®‡¶ø‡•§ ‡¶Ü‡¶™‡¶®‡¶ø ‡¶ï‡¶ø ‡¶Ö‡¶®‡ßç‡¶Ø‡¶≠‡¶æ‡¶¨‡ßá ‡¶¨‡¶≤‡¶§‡ßá ‡¶™‡¶æ‡¶∞‡¶¨‡ßá‡¶® ‡¶™‡ßç‡¶≤‡¶ø‡¶ú?'}]
Request:
{'sender': '1640673076206164006', 'message': '‡¶≠‡¶ø‡¶∏‡¶æ ‡¶§‡ßÅ‡¶Æ‡¶ø ‡¶õ‡¶ø‡¶≤‡ßã ‡¶®‡¶æ‡¶ï‡¶ø ‡¶Æ‡ßá', 'metadata': 'bn'}
‡¶≠‡¶ø‡¶∏‡¶æ ‡¶§‡ßÅ‡¶Æ‡¶ø ‡¶õ‡¶ø‡¶≤‡ßã ‡¶®‡¶æ‡¶ï‡¶ø ‡¶Æ‡ßá
Response:
[{'recipient_id': 'default', 'text': '‡¶¶‡ßÅ‡¶É‡¶ñ‡¶ø‡¶§! ‡¶Ü‡¶Æ‡¶ø ‡¶Ö‡¶™‡ßç‡¶∞‡¶æ‡¶∏‡¶ô‡ßç‡¶ó‡¶ø‡¶ï ‡¶™‡ßç‡¶∞‡¶∂‡ßç‡¶®‡ßá‡¶∞ ‡¶â‡¶§‡ßç‡¶§‡¶∞ ‡¶¶‡¶ø‡¶§‡ßá ‡¶™‡¶æ‡¶∞‡¶õ‡¶ø ‡¶®‡¶æ‡•§'}]
Request:
{'sender': '1640673414212393007', 'message': 'Hello', 'metadata': 'bn'}
Hello
Response:
[{'recipient_id': 'default', 'text': '‡¶π‡ßç‡¶Ø‡¶æ‡¶≤‡ßã, ‡¶Ü‡¶Æ‡¶ø ‡¶¶‡¶ø‡¶∂‡¶æ‡•§ ‡¶Ü‡¶™‡¶®‡¶æ‡¶∞ ‡¶≠‡¶æ‡¶∞‡ßç‡¶ö‡ßÅ‡ßü‡¶æ‡¶≤ ‡¶Ö‡ßç‡¶Ø‡¶æ‡¶∏‡¶ø‡¶∏‡ßç‡¶ü‡ßç‡¶Ø‡¶æ‡¶®‡ßç‡¶ü‡•§ ‡¶Ü‡¶Æ‡¶ø ‡¶Ü‡¶™‡¶®‡¶æ‡¶ï‡ßá ‡¶ï‡¶ø‡¶≠‡¶æ‡¶¨‡ßá ‡¶∏‡¶π‡¶æ‡ßü‡¶§‡¶æ ‡¶ï‡¶∞‡¶§‡ßá ‡¶™‡¶æ‡¶∞‡¶ø?'}]
Request:
{'sender': '1640673414212393007', 'message': '‡¶Ö‡ßç‡¶Ø‡¶æ‡¶Å ‡¶Ü‡¶Æ‡¶æ‡¶∞ ‡¶¨‡ßç‡¶Ø‡¶æ‡¶≤‡ßá‡¶®‡ßç‡¶∏ ‡¶ï‡¶§', 'metadata': 'bn'}
‡¶Ö‡ßç‡¶Ø‡¶æ‡¶Å ‡¶Ü‡¶Æ‡¶æ‡¶∞ ‡¶¨‡ßç‡¶Ø‡¶æ‡¶≤‡ßá‡¶®‡ßç‡¶∏ ‡¶ï‡¶§
Response:
[{'recipient_id': 'default', 'text': '‡¶Ü‡¶ü ‡¶°‡¶ø‡¶ú‡¶ø‡¶ü ‡¶è‡¶∞ ‡¶è‡¶ï‡¶æ‡¶â‡¶®‡ßç‡¶ü ‡¶®‡¶æ‡¶Æ‡ßç‡¶¨‡¶æ‡¶∞ ‡¶¨‡¶≤‡ßÅ‡¶®'}]
Request:
{'sender': '1640673414212393007', 'message': '‡¶ì‡ßü‡¶æ‡¶® ‡¶•‡ßç‡¶∞‡¶ø ‡¶ü‡ßÅ ‡¶•‡ßç‡¶∞‡¶ø ‡¶´‡ßã‡¶∞ ‡¶´‡¶æ‡¶á‡¶≠ ‡¶ú‡¶ø‡¶∞‡ßã ‡¶•‡ßç‡¶∞‡¶ø ‡¶∏‡ßá‡¶≠‡ßá‡¶® ‡¶•‡ßç‡¶∞‡¶ø ‡¶ú‡¶ø‡¶∞‡ßã ‡¶ü‡ßÅ ‡¶è‡¶á‡¶ü', 'metadata': 'bn'}
1323450373028
Response:
[{'recipient_id': 'default', 'text': '‡¶Ü‡¶™‡¶®‡¶æ‡¶∞ ‡¶ö‡¶æ‡¶∞ ‡¶°‡¶ø‡¶ú‡¶ø‡¶ü ‡¶è‡¶∞ ‡¶™‡¶ø‡¶® ‡¶®‡¶æ‡¶Æ‡ßç‡¶¨‡¶æ‡¶∞ ‡¶á‡¶Ç‡¶≤‡¶ø‡¶∂ ‡¶™‡ßÇ‡¶∞‡ßç‡¶£ ‡¶∏‡¶Ç‡¶ñ‡ßç‡¶Ø‡¶æ ‡¶¨‡¶≤‡ßÅ‡¶®'}]
Request:
{'sender': '1640673414212393007', 'message': '‡¶ì‡ßü‡¶æ‡¶® ‡¶è‡¶á‡¶ü ‡¶ü‡ßÅ ‡¶è‡¶á‡¶ü ‡¶´‡ßã‡¶∞ ‡¶ú‡¶ø‡¶∞‡ßã ‡¶ì‡ßü‡¶æ‡¶® ‡¶ú‡¶ø‡¶∞‡ßã ‡¶•‡ßç‡¶∞‡¶ø ‡¶ü‡ßÅ ‡¶∏‡¶ø‡¶ï‡ßç‡¶∏ ‡¶°‡¶æ‡¶¨‡¶≤ ‡¶ü‡ßÅ ‡¶ú‡¶ø‡¶∞‡ßã ‡¶è‡¶á‡¶ü ‡¶´‡ßã‡¶∞ ‡¶è‡¶á‡¶ü ‡¶•‡ßç‡¶∞‡¶ø ‡¶ú‡¶ø‡¶∞‡ßã ‡¶•‡ßç‡¶∞‡¶ø ‡¶ü‡ßÅ ‡¶ú‡¶ø‡¶∞‡ßã ‡¶•‡ßç‡¶∞‡¶ø ‡¶ü‡ßÅ', 'metadata': 'bn'}
18284010326208483032032
Response:
[{'recipient_id': 'default', 'text': '‡¶Ü‡¶™‡¶®‡¶æ‡¶∞ ‡¶Ö‡ßç‡¶Ø‡¶æ‡¶ï‡¶æ‡¶â‡¶®‡ßç‡¶ü‡ßá‡¶∞ ‡¶¨‡ßç‡¶Ø‡¶æ‡¶≤‡ßá‡¶®‡ßç‡¶∏ ‡¶π‡¶≤ ‡¶è‡¶ï ‡¶≤‡¶ï‡ßç‡¶∑ ‡¶õ‡ßü ‡¶π‡¶æ‡¶ú‡¶æ‡¶∞ ‡¶ü‡¶æ‡¶ï‡¶æ'}, {'recipient_id': 'default', 'text': '‡¶Ü‡¶™‡¶®‡¶æ‡¶∞ ‡¶ö‡¶æ‡¶∞ ‡¶°‡¶ø‡¶ú‡¶ø‡¶ü ‡¶è‡¶∞ ‡¶™‡¶ø‡¶® ‡¶®‡¶æ‡¶Æ‡ßç‡¶¨‡¶æ‡¶∞ ‡¶á‡¶Ç‡¶≤‡¶ø‡¶∂ ‡¶™‡ßÇ‡¶∞‡ßç‡¶£ ‡¶∏‡¶Ç‡¶ñ‡ßç‡¶Ø‡¶æ ‡¶¨‡¶≤‡ßÅ‡¶®'}]
Request:
{'sender': '1640673414212393007', 'message': '‡¶Ü‡¶Æ‡¶æ‡¶∞ ‡¶ï‡¶æ‡¶∞‡ßç‡¶°‡ßá‡¶∞ ‡¶Ü‡¶â‡¶ü‡¶∏‡ßç‡¶ü‡ßç‡¶Ø‡¶æ‡¶®‡ßç‡¶°‡¶ø‡¶Ç ‡¶ï‡¶∞‡¶≤‡¶æ‡¶Æ ‡¶ï‡¶ø‡¶®‡ßç‡¶§‡ßÅ ‡¶è‡¶ï‡ßÅ‡¶∂ ‡¶°‡¶≤‡¶æ‡¶∞', 'metadata': 'bn'}
‡¶Ü‡¶Æ‡¶æ‡¶∞ ‡¶ï‡¶æ‡¶∞‡ßç‡¶°‡ßá‡¶∞ ‡¶Ü‡¶â‡¶ü‡¶∏‡ßç‡¶ü‡ßç‡¶Ø‡¶æ‡¶®‡ßç‡¶°‡¶ø‡¶Ç ‡¶ï‡¶∞‡¶≤‡¶æ‡¶Æ ‡¶ï‡¶ø‡¶®‡ßç‡¶§‡ßÅ ‡¶è‡¶ï‡ßÅ‡¶∂ ‡¶°‡¶≤‡¶æ‡¶∞
changed text
Response:
[{'recipient_id': 'default', 'text': '‡¶Ü‡¶ú‡¶ï‡ßá‡¶∞ ‡¶∞‡ßá‡¶ü ‡¶π‡¶ö‡ßç‡¶õ‡ßá ‡¶™‡¶Å‡¶ö‡¶æ‡¶∂‡¶ø ‡¶ü‡¶æ‡¶ï‡¶æ ‡¶¨‡¶æ‡¶π‡¶æ‡¶§‡ßç‡¶§‡¶∞ ‡¶™‡ßü‡¶∏‡¶æ‡•§'}, {'recipient_id': 'default', 'text': '‡¶Ü‡¶™‡¶®‡¶æ‡¶∞ ‡¶ö‡¶æ‡¶∞ ‡¶°‡¶ø‡¶ú‡¶ø‡¶ü ‡¶è‡¶∞ ‡¶™‡¶ø‡¶® ‡¶®‡¶æ‡¶Æ‡ßç‡¶¨‡¶æ‡¶∞ ‡¶á‡¶Ç‡¶≤‡¶ø‡¶∂ ‡¶™‡ßÇ‡¶∞‡ßç‡¶£ ‡¶∏‡¶Ç‡¶ñ‡ßç‡¶Ø‡¶æ ‡¶¨‡¶≤‡ßÅ‡¶®'}]
Request:
{'sender': '1640673414212393007', 'message': '‡¶ê ‡¶∞‡ßá‡¶ü ‡¶ï‡¶§', 'metadata': 'bn'}
‡¶ê ‡¶∞‡ßá‡¶ü ‡¶ï‡¶§
changed text
Response:
[{'recipient_id': 'default', 'text': '‡¶Ü‡¶ú‡¶ï‡ßá‡¶∞ ‡¶∞‡ßá‡¶ü ‡¶π‡¶ö‡ßç‡¶õ‡ßá ‡¶™‡¶Å‡¶ö‡¶æ‡¶∂‡¶ø ‡¶ü‡¶æ‡¶ï‡¶æ ‡¶¨‡¶æ‡¶π‡¶æ‡¶§‡ßç‡¶§‡¶∞ ‡¶™‡ßü‡¶∏‡¶æ‡•§'}, {'recipient_id': 'default', 'text': '‡¶Ü‡¶™‡¶®‡¶æ‡¶∞ ‡¶ö‡¶æ‡¶∞ ‡¶°‡¶ø‡¶ú‡¶ø‡¶ü ‡¶è‡¶∞ ‡¶™‡¶ø‡¶® ‡¶®‡¶æ‡¶Æ‡ßç‡¶¨‡¶æ‡¶∞ ‡¶á‡¶Ç‡¶≤‡¶ø‡¶∂ ‡¶™‡ßÇ‡¶∞‡ßç‡¶£ ‡¶∏‡¶Ç‡¶ñ‡ßç‡¶Ø‡¶æ ‡¶¨‡¶≤‡ßÅ‡¶®'}]
Request:
{'sender': '1640673414212393007', 'message': '‡¶ï‡¶æ‡¶∞‡ßç‡¶°‡ßá ‡¶Ü‡¶â‡¶ü‡¶∏‡ßç‡¶ü‡ßç‡¶Ø‡¶æ‡¶®‡ßç‡¶°‡¶ø‡¶Ç ‡¶ï‡¶§ ‡¶õ‡¶ø‡¶≤‡ßã', 'metadata': 'bn'}
‡¶ï‡¶æ‡¶∞‡ßç‡¶°‡ßá ‡¶Ü‡¶â‡¶ü‡¶∏‡ßç‡¶ü‡ßç‡¶Ø‡¶æ‡¶®‡ßç‡¶°‡¶ø‡¶Ç ‡¶ï‡¶§ ‡¶õ‡¶ø‡¶≤‡ßã
Response:
[{'recipient_id': 'default', 'text': '‡¶Ü‡¶Æ‡¶ø ‡¶Ü‡¶™‡¶®‡¶æ‡¶∞ ‡¶¨‡¶æ‡¶∞‡ßç‡¶§‡¶æ ‡¶ü‡¶æ ‡¶¨‡ßÅ‡¶ù‡¶§‡ßá ‡¶™‡¶æ‡¶∞‡¶ø ‡¶®‡¶ø‡•§ ‡¶Ü‡¶™‡¶®‡¶ø ‡¶ï‡¶ø ‡¶Ö‡¶®‡ßç‡¶Ø‡¶≠‡¶æ‡¶¨‡ßá ‡¶¨‡¶≤‡¶§‡ßá ‡¶™‡¶æ‡¶∞‡¶¨‡ßá‡¶® ‡¶™‡ßç‡¶≤‡¶ø‡¶ú?'}, {'recipient_id': 'default', 'text': '‡¶Ü‡¶™‡¶®‡¶æ‡¶∞ ‡¶ö‡¶æ‡¶∞ ‡¶°‡¶ø‡¶ú‡¶ø‡¶ü ‡¶è‡¶∞ ‡¶™‡¶ø‡¶® ‡¶®‡¶æ‡¶Æ‡ßç‡¶¨‡¶æ‡¶∞ ‡¶á‡¶Ç‡¶≤‡¶ø‡¶∂ ‡¶™‡ßÇ‡¶∞‡ßç‡¶£ ‡¶∏‡¶Ç‡¶ñ‡ßç‡¶Ø‡¶æ ‡¶¨‡¶≤‡ßÅ‡¶®'}]
Request:
{'sender': '1640673414212393007', 'message': '‡¶Ö‡ßç‡¶Ø‡¶æ‡¶Å ‡¶™‡¶®‡ßá‡¶∞‡ßã ‡¶°‡¶≤‡¶æ‡¶∞ ‡¶á‡¶®‡¶´‡¶∞‡¶Æ‡ßá‡¶∂‡¶® ‡¶Ü‡¶Æ‡¶æ‡¶∞ ‡¶∏‡ßç‡¶§‡ßç‡¶∞‡ßÄ', 'metadata': 'bn'}
‡¶Ö‡ßç‡¶Ø‡¶æ‡¶Å ‡¶™‡¶®‡ßá‡¶∞‡ßã ‡¶°‡¶≤‡¶æ‡¶∞ ‡¶á‡¶®‡¶´‡¶∞‡¶Æ‡ßá‡¶∂‡¶® ‡¶Ü‡¶Æ‡¶æ‡¶∞ ‡¶∏‡ßç‡¶§‡ßç‡¶∞‡ßÄ
changed text
Response:
[{'recipient_id': 'default', 'text': '‡¶Ü‡¶ú‡¶ï‡ßá‡¶∞ ‡¶∞‡ßá‡¶ü ‡¶π‡¶ö‡ßç‡¶õ‡ßá ‡¶™‡¶Å‡¶ö‡¶æ‡¶∂‡¶ø ‡¶ü‡¶æ‡¶ï‡¶æ ‡¶¨‡¶æ‡¶π‡¶æ‡¶§‡ßç‡¶§‡¶∞ ‡¶™‡ßü‡¶∏‡¶æ‡•§'}, {'recipient_id': 'default', 'text': '‡¶Ü‡¶™‡¶®‡¶æ‡¶∞ ‡¶ö‡¶æ‡¶∞ ‡¶°‡¶ø‡¶ú‡¶ø‡¶ü ‡¶è‡¶∞ ‡¶™‡¶ø‡¶® ‡¶®‡¶æ‡¶Æ‡ßç‡¶¨‡¶æ‡¶∞ ‡¶á‡¶Ç‡¶≤‡¶ø‡¶∂ ‡¶™‡ßÇ‡¶∞‡ßç‡¶£ ‡¶∏‡¶Ç‡¶ñ‡ßç‡¶Ø‡¶æ ‡¶¨‡¶≤‡ßÅ‡¶®'}]
Request:
{'sender': '1640673414212393007', 'message': '‡¶Ö‡ßç‡¶Ø‡¶æ‡¶Å ‡¶Ö‡ßç‡¶Ø‡¶æ‡¶ï‡¶æ‡¶â‡¶®‡ßç‡¶ü‡ßá‡¶∞ ‡¶¨‡ßç‡¶Ø‡¶æ‡¶≤‡ßá‡¶®‡ßç‡¶∏ ‡¶Ü‡¶Æ‡¶æ‡¶∞', 'metadata': 'bn'}
‡¶Ö‡ßç‡¶Ø‡¶æ‡¶Å ‡¶Ö‡ßç‡¶Ø‡¶æ‡¶ï‡¶æ‡¶â‡¶®‡ßç‡¶ü‡ßá‡¶∞ ‡¶¨‡ßç‡¶Ø‡¶æ‡¶≤‡ßá‡¶®‡ßç‡¶∏ ‡¶Ü‡¶Æ‡¶æ‡¶∞
Response:
[{'recipient_id': 'default', 'text': '‡¶Ü‡¶ü ‡¶°‡¶ø‡¶ú‡¶ø‡¶ü ‡¶è‡¶∞ ‡¶è‡¶ï‡¶æ‡¶â‡¶®‡ßç‡¶ü ‡¶®‡¶æ‡¶Æ‡ßç‡¶¨‡¶æ‡¶∞ ‡¶¨‡¶≤‡ßÅ‡¶®'}]
Request:
{'sender': '1640673414212393007', 'message': '‡¶Ü‡¶Æ‡¶ø ‡¶Ü‡¶Æ‡¶æ‡¶∞ ‡¶ï‡¶æ‡¶∞‡ßç‡¶° ‡¶¶‡¶ø‡ßü‡ßá ‡¶Ø‡¶ñ‡¶® ‡¶¨‡ßç‡¶Ø‡¶æ‡¶≤‡ßá‡¶®‡ßç‡¶∏ ‡¶¨‡¶≤‡¶§‡ßá ‡¶π‡¶ö‡ßç‡¶õ‡ßá ‡¶Ö‡ßç‡¶Ø‡¶æ‡¶Å ‡¶ï‡¶®‡¶≠‡¶æ‡¶∞‡ßç‡¶∏‡¶® ‡¶´‡¶∞‡ßá‡¶® ‡¶è‡¶ï‡ßç‡¶∏‡¶ö‡ßá‡¶û‡ßç‡¶ú ‡¶Ø‡¶æ‡¶¨‡ßá ‡¶®‡¶æ‡¶π‡¶ø‡¶¶‡¶æ ‡¶∏‡ßÅ‡¶≤‡¶§‡¶æ‡¶®‡¶æ', 'metadata': 'bn'}
‡¶Ü‡¶Æ‡¶ø ‡¶Ü‡¶Æ‡¶æ‡¶∞ ‡¶ï‡¶æ‡¶∞‡ßç‡¶° ‡¶¶‡¶ø‡ßü‡ßá ‡¶Ø‡¶ñ‡¶® ‡¶¨‡ßç‡¶Ø‡¶æ‡¶≤‡ßá‡¶®‡ßç‡¶∏ ‡¶¨‡¶≤‡¶§‡ßá ‡¶π‡¶ö‡ßç‡¶õ‡ßá ‡¶Ö‡ßç‡¶Ø‡¶æ‡¶Å ‡¶ï‡¶®‡¶≠‡¶æ‡¶∞‡ßç‡¶∏‡¶® ‡¶´‡¶∞‡ßá‡¶® ‡¶è‡¶ï‡ßç‡¶∏‡¶ö‡ßá‡¶û‡ßç‡¶ú ‡¶Ø‡¶æ‡¶¨‡ßá ‡¶®‡¶æ‡¶π‡¶ø‡¶¶‡¶æ ‡¶∏‡ßÅ‡¶≤‡¶§‡¶æ‡¶®‡¶æ
changed text
Response:
[{'recipient_id': 'default', 'text': '‡¶Ü‡¶ú‡¶ï‡ßá‡¶∞ ‡¶∞‡ßá‡¶ü ‡¶π‡¶ö‡ßç‡¶õ‡ßá ‡¶™‡¶Å‡¶ö‡¶æ‡¶∂‡¶ø ‡¶ü‡¶æ‡¶ï‡¶æ ‡¶¨‡¶æ‡¶π‡¶æ‡¶§‡ßç‡¶§‡¶∞ ‡¶™‡ßü‡¶∏‡¶æ‡•§'}, {'recipient_id': 'default', 'text': '‡¶Ü‡¶ü ‡¶°‡¶ø‡¶ú‡¶ø‡¶ü ‡¶è‡¶∞ ‡¶è‡¶ï‡¶æ‡¶â‡¶®‡ßç‡¶ü ‡¶®‡¶æ‡¶Æ‡ßç‡¶¨‡¶æ‡¶∞ ‡¶¨‡¶≤‡ßÅ‡¶®'}]
Request:
{'sender': '1640673606202749008', 'message': 'Hello', 'metadata': 'bn'}
Hello
Response:
[{'recipient_id': 'default', 'text': '‡¶π‡ßç‡¶Ø‡¶æ‡¶≤‡ßã, ‡¶Ü‡¶Æ‡¶ø ‡¶¶‡¶ø‡¶∂‡¶æ‡•§ ‡¶Ü‡¶™‡¶®‡¶æ‡¶∞ ‡¶≠‡¶æ‡¶∞‡ßç‡¶ö‡ßÅ‡ßü‡¶æ‡¶≤ ‡¶Ö‡ßç‡¶Ø‡¶æ‡¶∏‡¶ø‡¶∏‡ßç‡¶ü‡ßç‡¶Ø‡¶æ‡¶®‡ßç‡¶ü‡•§ ‡¶Ü‡¶Æ‡¶ø ‡¶Ü‡¶™‡¶®‡¶æ‡¶ï‡ßá ‡¶ï‡¶ø‡¶≠‡¶æ‡¶¨‡ßá ‡¶∏‡¶π‡¶æ‡ßü‡¶§‡¶æ ‡¶ï‡¶∞‡¶§‡ßá ‡¶™‡¶æ‡¶∞‡¶ø?'}]
Request:
{'sender': '1640673606202749008', 'message': '‡¶Ü‡¶Æ‡¶æ‡¶∞ ‡¶¨‡ßç‡¶Ø‡¶æ‡¶≤‡ßá‡¶®‡ßç‡¶∏ ‡¶ï‡¶§ ‡¶Ü‡¶õ‡ßá', 'metadata': 'bn'}
‡¶Ü‡¶Æ‡¶æ‡¶∞ ‡¶¨‡ßç‡¶Ø‡¶æ‡¶≤‡ßá‡¶®‡ßç‡¶∏ ‡¶ï‡¶§ ‡¶Ü‡¶õ‡ßá
Response:
[{'recipient_id': 'default', 'text': '‡¶Ü‡¶ü ‡¶°‡¶ø‡¶ú‡¶ø‡¶ü ‡¶è‡¶∞ ‡¶è‡¶ï‡¶æ‡¶â‡¶®‡ßç‡¶ü ‡¶®‡¶æ‡¶Æ‡ßç‡¶¨‡¶æ‡¶∞ ‡¶¨‡¶≤‡ßÅ‡¶®'}]
Request:
{'sender': '1640673606202749008', 'message': '‡¶ì‡ßü‡¶æ‡¶® ‡¶ü‡ßÅ ‡¶•‡ßç‡¶∞‡¶ø ‡¶´‡ßã‡¶∞ ‡¶´‡¶æ‡¶á‡¶≠ ‡¶∏‡¶ø‡¶ï‡ßç‡¶∏ ‡¶∏‡ßá‡¶≠‡ßá‡¶® ‡¶•‡ßç‡¶∞‡¶ø', 'metadata': 'bn'}
12345673
Response:
[{'recipient_id': 'default', 'text': '‡¶Ü‡¶™‡¶®‡¶ø ‡¶¨‡¶≤‡ßá‡¶õ‡ßá‡¶®,  ‡¶ì‡ßü‡¶æ‡¶® ‡¶ü‡ßÅ ‡¶•‡ßç‡¶∞‡¶ø ‡¶´‡ßã‡¶∞ ‡¶´‡¶æ‡¶á‡¶≠ ‡¶∏‡¶ø‡¶ï‡ßç‡¶∏ ‡¶∏‡ßá‡¶≠‡ßá‡¶® ‡¶•‡ßç‡¶∞‡¶ø ‡•§ ‡¶∏‡ßá‡¶ü‡¶æ ‡¶†‡¶ø‡¶ï ‡¶π‡¶≤‡ßá ‡¶¨‡¶≤‡ßÅ‡¶®, ‡¶π‡ßç‡¶Ø‡¶æ ‡¶†‡¶ø‡¶ï ‡¶Ü‡¶õ‡ßá ‡•§'}]
Request:
{'sender': '1640673606202749008', 'message': '‡¶®‡¶æ ‡¶†‡¶ø‡¶ï ‡¶®‡¶æ', 'metadata': 'bn'}
‡¶®‡¶æ ‡¶†‡¶ø‡¶ï ‡¶®‡¶æ
Response:
[{'recipient_id': 'default', 'text': '‡¶Ü‡¶ü ‡¶°‡¶ø‡¶ú‡¶ø‡¶ü ‡¶è‡¶∞ ‡¶è‡¶ï‡¶æ‡¶â‡¶®‡ßç‡¶ü ‡¶®‡¶æ‡¶Æ‡ßç‡¶¨‡¶æ‡¶∞ ‡¶¨‡¶≤‡ßÅ‡¶®'}]
Request:
{'sender': '1640673606202749008', 'message': '‡¶ì‡ßü‡¶æ‡¶® ‡¶ü‡ßÅ ‡¶•‡ßç‡¶∞‡¶ø ‡¶´‡ßã‡¶∞ ‡¶´‡¶æ‡¶á‡¶≠ ‡¶•‡ßç‡¶∞‡¶ø ‡¶∏‡ßá‡¶≠‡ßá‡¶® ‡¶è‡¶á‡¶ü', 'metadata': 'bn'}
12345378
Response:
[{'recipient_id': 'default', 'text': '‡¶Ü‡¶™‡¶®‡¶æ‡¶∞ ‡¶ö‡¶æ‡¶∞ ‡¶°‡¶ø‡¶ú‡¶ø‡¶ü ‡¶è‡¶∞ ‡¶™‡¶ø‡¶® ‡¶®‡¶æ‡¶Æ‡ßç‡¶¨‡¶æ‡¶∞ ‡¶á‡¶Ç‡¶≤‡¶ø‡¶∂ ‡¶™‡ßÇ‡¶∞‡ßç‡¶£ ‡¶∏‡¶Ç‡¶ñ‡ßç‡¶Ø‡¶æ ‡¶¨‡¶≤‡ßÅ‡¶®'}]
Request:
{'sender': '1640673606202749008', 'message': '‡¶ì‡ßü‡¶æ‡¶® ‡¶ü‡ßÅ ‡¶è‡¶á‡¶ü ‡¶∏‡ßá‡¶≠‡ßá‡¶® ‡¶´‡ßã‡¶∞', 'metadata': 'bn'}
12874
Response:
[{'recipient_id': 'default', 'text': '‡¶Ü‡¶™‡¶®‡¶æ‡¶∞ ‡¶Ö‡ßç‡¶Ø‡¶æ‡¶ï‡¶æ‡¶â‡¶®‡ßç‡¶ü‡ßá‡¶∞ ‡¶¨‡ßç‡¶Ø‡¶æ‡¶≤‡ßá‡¶®‡ßç‡¶∏ ‡¶π‡¶≤ ‡¶è‡¶ï ‡¶≤‡¶ï‡ßç‡¶∑ ‡¶õ‡ßü ‡¶π‡¶æ‡¶ú‡¶æ‡¶∞ ‡¶ü‡¶æ‡¶ï‡¶æ'}, {'recipient_id': 'default', 'text': '‡¶Ü‡¶™‡¶®‡¶æ‡¶∞ ‡¶ö‡¶æ‡¶∞ ‡¶°‡¶ø‡¶ú‡¶ø‡¶ü ‡¶è‡¶∞ ‡¶™‡¶ø‡¶® ‡¶®‡¶æ‡¶Æ‡ßç‡¶¨‡¶æ‡¶∞ ‡¶á‡¶Ç‡¶≤‡¶ø‡¶∂ ‡¶™‡ßÇ‡¶∞‡ßç‡¶£ ‡¶∏‡¶Ç‡¶ñ‡ßç‡¶Ø‡¶æ ‡¶¨‡¶≤‡ßÅ‡¶®'}]
Request:
{'sender': '1640673606202749008', 'message': '‡¶≤‡¶æ‡¶∏‡ßç‡¶ü ‡¶ü‡ßç‡¶∞‡¶æ‡¶®‡¶ú‡ßá‡¶ï‡¶∂‡¶®', 'metadata': 'bn'}
‡¶≤‡¶æ‡¶∏‡ßç‡¶ü ‡¶ü‡ßç‡¶∞‡¶æ‡¶®‡¶ú‡ßá‡¶ï‡¶∂‡¶®
Response:
[{'recipient_id': 'default', 'text': '‡¶Ü‡¶Æ‡¶ø ‡¶Ü‡¶™‡¶®‡¶æ‡¶∞ ‡¶¨‡¶æ‡¶∞‡ßç‡¶§‡¶æ ‡¶ü‡¶æ ‡¶¨‡ßÅ‡¶ù‡¶§‡ßá ‡¶™‡¶æ‡¶∞‡¶ø ‡¶®‡¶ø‡•§ ‡¶Ü‡¶™‡¶®‡¶ø ‡¶ï‡¶ø ‡¶Ö‡¶®‡ßç‡¶Ø‡¶≠‡¶æ‡¶¨‡ßá ‡¶¨‡¶≤‡¶§‡ßá ‡¶™‡¶æ‡¶∞‡¶¨‡ßá‡¶® ‡¶™‡ßç‡¶≤‡¶ø‡¶ú?'}, {'recipient_id': 'default', 'text': '‡¶Ü‡¶™‡¶®‡¶æ‡¶∞ ‡¶ö‡¶æ‡¶∞ ‡¶°‡¶ø‡¶ú‡¶ø‡¶ü ‡¶è‡¶∞ ‡¶™‡¶ø‡¶® ‡¶®‡¶æ‡¶Æ‡ßç‡¶¨‡¶æ‡¶∞ ‡¶á‡¶Ç‡¶≤‡¶ø‡¶∂ ‡¶™‡ßÇ‡¶∞‡ßç‡¶£ ‡¶∏‡¶Ç‡¶ñ‡ßç‡¶Ø‡¶æ ‡¶¨‡¶≤‡ßÅ‡¶®'}]
Request:
{'sender': '1640673606202749008', 'message': '‡¶°‡¶≤‡¶æ‡¶∞‡ßá‡¶∞ ‡¶≤‡¶ø‡¶Æ‡¶ø‡¶ü ‡¶ï‡¶§', 'metadata': 'bn'}
‡¶°‡¶≤‡¶æ‡¶∞‡ßá‡¶∞ ‡¶≤‡¶ø‡¶Æ‡¶ø‡¶ü ‡¶ï‡¶§
changed text
Response:
[{'recipient_id': 'default', 'text': '‡¶Ü‡¶ú‡¶ï‡ßá‡¶∞ ‡¶∞‡ßá‡¶ü ‡¶π‡¶ö‡ßç‡¶õ‡ßá ‡¶™‡¶Å‡¶ö‡¶æ‡¶∂‡¶ø ‡¶ü‡¶æ‡¶ï‡¶æ ‡¶¨‡¶æ‡¶π‡¶æ‡¶§‡ßç‡¶§‡¶∞ ‡¶™‡ßü‡¶∏‡¶æ‡•§'}, {'recipient_id': 'default', 'text': '‡¶Ü‡¶™‡¶®‡¶æ‡¶∞ ‡¶ö‡¶æ‡¶∞ ‡¶°‡¶ø‡¶ú‡¶ø‡¶ü ‡¶è‡¶∞ ‡¶™‡¶ø‡¶® ‡¶®‡¶æ‡¶Æ‡ßç‡¶¨‡¶æ‡¶∞ ‡¶á‡¶Ç‡¶≤‡¶ø‡¶∂ ‡¶™‡ßÇ‡¶∞‡ßç‡¶£ ‡¶∏‡¶Ç‡¶ñ‡ßç‡¶Ø‡¶æ ‡¶¨‡¶≤‡ßÅ‡¶®'}]
Request:
{'sender': '1640673606202749008', 'message': '‡¶è‡¶ñ‡¶® ‡¶ì‡ßü‡ßá‡¶ü ‡¶ï‡ßá‡¶Æ‡¶®', 'metadata': 'bn'}
‡¶è‡¶ñ‡¶® ‡¶ì‡ßü‡ßá‡¶ü ‡¶ï‡ßá‡¶Æ‡¶®
Response:
[{'recipient_id': 'default', 'text': '‡¶Ü‡¶ú‡¶ï‡ßá‡¶∞ ‡¶ì‡ßü‡ßá‡¶¶‡¶æ‡¶∞, ‡¶Æ‡ßá‡¶ò ‡¶Æ‡ßÅ‡¶ï‡ßç‡¶§ ‡¶Æ‡¶æ‡¶ü‡¶ø, ‡¶ï‡¶æ‡¶Å‡¶¶‡¶æ ‡¶Æ‡ßÅ‡¶ï‡ßç‡¶§ ‡¶Ü‡¶ï‡¶æ‡¶∂, ‡¶ñ‡ßÅ‡¶¨‡¶á ‡¶ö‡¶Æ‡ßé‡¶ï‡¶æ‡¶∞ ‡¶ì‡ßü‡ßá‡¶¶‡¶æ‡¶∞‡•§'}]
Request:
{'sender': '1640673606202749008', 'message': '‡¶è‡¶ñ‡¶® ‡¶ï‡¶∑‡ßç‡¶ü ‡¶ï‡¶∞‡ßá ‡¶¶‡ßá‡¶®', 'metadata': 'bn'}
‡¶è‡¶ñ‡¶® ‡¶ï‡¶∑‡ßç‡¶ü ‡¶ï‡¶∞‡ßá ‡¶¶‡ßá‡¶®
Response:
[{'recipient_id': 'default', 'text': '‡¶Ü‡¶Æ‡¶ø ‡¶Ü‡¶™‡¶®‡¶æ‡¶∞ ‡¶¨‡¶æ‡¶∞‡ßç‡¶§‡¶æ ‡¶ü‡¶æ ‡¶¨‡ßÅ‡¶ù‡¶§‡ßá ‡¶™‡¶æ‡¶∞‡¶ø ‡¶®‡¶ø‡•§ ‡¶Ü‡¶™‡¶®‡¶ø ‡¶ï‡¶ø ‡¶Ö‡¶®‡ßç‡¶Ø‡¶≠‡¶æ‡¶¨‡ßá ‡¶¨‡¶≤‡¶§‡ßá ‡¶™‡¶æ‡¶∞‡¶¨‡ßá‡¶® ‡¶™‡ßç‡¶≤‡¶ø‡¶ú?'}, {'recipient_id': 'default', 'text': '‡¶Ü‡¶™‡¶®‡¶æ‡¶∞ ‡¶ö‡¶æ‡¶∞ ‡¶°‡¶ø‡¶ú‡¶ø‡¶ü ‡¶è‡¶∞ ‡¶™‡¶ø‡¶® ‡¶®‡¶æ‡¶Æ‡ßç‡¶¨‡¶æ‡¶∞ ‡¶á‡¶Ç‡¶≤‡¶ø‡¶∂ ‡¶™‡ßÇ‡¶∞‡ßç‡¶£ ‡¶∏‡¶Ç‡¶ñ‡ßç‡¶Ø‡¶æ ‡¶¨‡¶≤‡ßÅ‡¶®'}]
Request:
{'sender': '1640673606202749008', 'message': '‡¶è‡¶ñ‡¶® ‡¶ü‡¶æ‡¶á‡¶Æ ‡¶ï‡¶§', 'metadata': 'bn'}12-28 12:46 rasa.core.processor ERROR    Encountered an exception while running action 'action_default_fallback'.Bot will continue, but the actions events are lost. Please check the logs of your action server for more information.
Traceback (most recent call last):
  File "/usr/local/lib/python3.6/site-packages/rasa/core/actions/action.py", line 686, in run
    json=json_body, method="post", timeout=DEFAULT_REQUEST_TIMEOUT
  File "/usr/local/lib/python3.6/site-packages/rasa/utils/endpoints.py", line 173, in request
    response.status, response.reason, await response.content.read()
rasa.utils.endpoints.ClientResponseError: 404, Not Found, body='b'{"error":"No registered action found for name \'action_default_fallback\'.","action_name":"action_default_fallback"}''

The above exception was the direct cause of the following exception:

Traceback (most recent call last):
  File "/usr/local/lib/python3.6/site-packages/rasa/core/processor.py", line 773, in _run_action
    output_channel, nlg, temporary_tracker, self.domain
  File "/usr/local/lib/python3.6/site-packages/rasa/core/actions/action.py", line 709, in run
    raise RasaException("Failed to execute custom action.") from e
rasa.shared.exceptions.RasaException: Failed to execute custom action.

‡¶è‡¶ñ‡¶® ‡¶ü‡¶æ‡¶á‡¶Æ ‡¶ï‡¶§
Response:
[{'recipient_id': 'default', 'text': '‡¶è‡¶ñ‡¶® ‡¶∏‡¶Æ‡ßü, ‡¶¨‡¶æ‡¶∞‡ßã ‡¶ü‡¶æ ‡¶¨‡ßá‡¶ú‡ßá ‡¶¨‡¶æ‡¶∞‡ßã ‡¶Æ‡¶ø‡¶®‡¶ø‡¶ü‡•§ ‡¶Ü‡¶ú‡¶ï‡ßá‡¶∞ ‡¶§‡¶æ‡¶∞‡¶ø‡¶ñ ‡¶π‡¶ö‡ßç‡¶õ‡ßá, ‡¶Ü‡¶†‡¶æ‡¶∂, ‡¶°‡¶ø‡¶∏‡ßá‡¶Æ‡ßç‡¶¨‡¶∞, ‡¶¶‡ßÅ‡¶á ‡¶π‡¶æ‡¶ú‡¶æ‡¶∞ ‡¶è‡¶ï‡ßÅ‡¶∂ ‡•§'}, {'recipient_id': 'default', 'text': '‡¶Ü‡¶™‡¶®‡¶æ‡¶∞ ‡¶ö‡¶æ‡¶∞ ‡¶°‡¶ø‡¶ú‡¶ø‡¶ü ‡¶è‡¶∞ ‡¶™‡¶ø‡¶® ‡¶®‡¶æ‡¶Æ‡ßç‡¶¨‡¶æ‡¶∞ ‡¶á‡¶Ç‡¶≤‡¶ø‡¶∂ ‡¶™‡ßÇ‡¶∞‡ßç‡¶£ ‡¶∏‡¶Ç‡¶ñ‡ßç‡¶Ø‡¶æ ‡¶¨‡¶≤‡ßÅ‡¶®'}]
Request:
{'sender': '1640673606202749008', 'message': '‡¶•‡ßç‡¶Ø‡¶æ‡¶Ç‡¶ï ‡¶á‡¶â ‡¶∏‡ßã ‡¶Æ‡¶æ‡¶ö ‡¶®‡¶æ‡¶Æ‡¶ü‡¶æ ‡¶è‡¶ï‡¶ü‡ßÅ ‡¶¨‡¶≤‡ßá‡¶® ‡¶∏‡¶¨‡¶ó‡ßÅ‡¶≤‡ßã‡¶á ‡¶§‡ßã ‡¶Ü‡¶ú‡¶ï‡ßá ‡¶Ü‡¶ú‡¶ï‡ßá ‡¶Ü‡¶¨‡¶æ‡¶∞ ‡¶ï‡ßá‡¶Æ‡¶®', 'metadata': 'bn'}
‡¶•‡ßç‡¶Ø‡¶æ‡¶Ç‡¶ï ‡¶á‡¶â ‡¶∏‡ßã ‡¶Æ‡¶æ‡¶ö ‡¶®‡¶æ‡¶Æ‡¶ü‡¶æ ‡¶è‡¶ï‡¶ü‡ßÅ ‡¶¨‡¶≤‡ßá‡¶® ‡¶∏‡¶¨‡¶ó‡ßÅ‡¶≤‡ßã‡¶á ‡¶§‡ßã ‡¶Ü‡¶ú‡¶ï‡ßá ‡¶Ü‡¶ú‡¶ï‡ßá ‡¶Ü‡¶¨‡¶æ‡¶∞ ‡¶ï‡ßá‡¶Æ‡¶®
Response:
[{'recipient_id': 'default', 'text': '‡¶Ü‡¶Æ‡¶ø ‡¶Ü‡¶™‡¶®‡¶æ‡¶∞ ‡¶¨‡¶æ‡¶∞‡ßç‡¶§‡¶æ ‡¶ü‡¶æ ‡¶¨‡ßÅ‡¶ù‡¶§‡ßá ‡¶™‡¶æ‡¶∞‡¶ø ‡¶®‡¶ø‡•§ ‡¶Ü‡¶™‡¶®‡¶ø ‡¶ï‡¶ø ‡¶Ö‡¶®‡ßç‡¶Ø‡¶≠‡¶æ‡¶¨‡ßá ‡¶¨‡¶≤‡¶§‡ßá ‡¶™‡¶æ‡¶∞‡¶¨‡ßá‡¶® ‡¶™‡ßç‡¶≤‡¶ø‡¶ú?'}, {'recipient_id': 'default', 'text': '‡¶Ü‡¶™‡¶®‡¶æ‡¶∞ ‡¶ö‡¶æ‡¶∞ ‡¶°‡¶ø‡¶ú‡¶ø‡¶ü ‡¶è‡¶∞ ‡¶™‡¶ø‡¶® ‡¶®‡¶æ‡¶Æ‡ßç‡¶¨‡¶æ‡¶∞ ‡¶á‡¶Ç‡¶≤‡¶ø‡¶∂ ‡¶™‡ßÇ‡¶∞‡ßç‡¶£ ‡¶∏‡¶Ç‡¶ñ‡ßç‡¶Ø‡¶æ ‡¶¨‡¶≤‡ßÅ‡¶®'}]
Request:
{'sender': '1640673606202749008', 'message': '‡¶°‡¶æ‡¶¨‡¶≤ ‡¶ì‡ßü‡¶æ‡¶®', 'metadata': 'bn'}
‡¶°‡¶æ‡¶¨‡¶≤ ‡¶ì‡ßü‡¶æ‡¶®
Response:
[{'recipient_id': 'default', 'text': '‡¶Ü‡¶Æ‡¶ø ‡¶Ü‡¶™‡¶®‡¶æ‡¶∞ ‡¶¨‡¶æ‡¶∞‡ßç‡¶§‡¶æ ‡¶ü‡¶æ ‡¶¨‡ßÅ‡¶ù‡¶§‡ßá ‡¶™‡¶æ‡¶∞‡¶ø ‡¶®‡¶ø‡•§ ‡¶Ü‡¶™‡¶®‡¶ø ‡¶ï‡¶ø ‡¶Ö‡¶®‡ßç‡¶Ø‡¶≠‡¶æ‡¶¨‡ßá ‡¶¨‡¶≤‡¶§‡ßá ‡¶™‡¶æ‡¶∞‡¶¨‡ßá‡¶® ‡¶™‡ßç‡¶≤‡¶ø‡¶ú?'}, {'recipient_id': 'default', 'text': '‡¶Ü‡¶™‡¶®‡¶æ‡¶∞ ‡¶ö‡¶æ‡¶∞ ‡¶°‡¶ø‡¶ú‡¶ø‡¶ü ‡¶è‡¶∞ ‡¶™‡¶ø‡¶® ‡¶®‡¶æ‡¶Æ‡ßç‡¶¨‡¶æ‡¶∞ ‡¶á‡¶Ç‡¶≤‡¶ø‡¶∂ ‡¶™‡ßÇ‡¶∞‡ßç‡¶£ ‡¶∏‡¶Ç‡¶ñ‡ßç‡¶Ø‡¶æ ‡¶¨‡¶≤‡ßÅ‡¶®'}]
Request:
{'sender': '1640673606202749008', 'message': '‡¶ê‡¶ü‡¶æ ‡¶ï‡¶ø ‡¶Ü‡¶Æ‡¶æ‡¶∞ ‡¶Ö‡ßç‡¶Ø‡¶æ‡¶Å', 'metadata': 'bn'}
‡¶ê‡¶ü‡¶æ ‡¶ï‡¶ø ‡¶Ü‡¶Æ‡¶æ‡¶∞ ‡¶Ö‡ßç‡¶Ø‡¶æ‡¶Å
Response:
[{'recipient_id': 'default', 'text': '‡¶Ü‡¶Æ‡¶ø ‡¶Ü‡¶™‡¶®‡¶æ‡¶∞ ‡¶¨‡¶æ‡¶∞‡ßç‡¶§‡¶æ ‡¶ü‡¶æ ‡¶¨‡ßÅ‡¶ù‡¶§‡ßá ‡¶™‡¶æ‡¶∞‡¶ø ‡¶®‡¶ø‡•§ ‡¶Ü‡¶™‡¶®‡¶ø ‡¶ï‡¶ø ‡¶Ö‡¶®‡ßç‡¶Ø‡¶≠‡¶æ‡¶¨‡ßá ‡¶¨‡¶≤‡¶§‡ßá ‡¶™‡¶æ‡¶∞‡¶¨‡ßá‡¶® ‡¶™‡ßç‡¶≤‡¶ø‡¶ú?'}, {'recipient_id': 'default', 'text': '‡¶Ü‡¶™‡¶®‡¶æ‡¶∞ ‡¶ö‡¶æ‡¶∞ ‡¶°‡¶ø‡¶ú‡¶ø‡¶ü ‡¶è‡¶∞ ‡¶™‡¶ø‡¶® ‡¶®‡¶æ‡¶Æ‡ßç‡¶¨‡¶æ‡¶∞ ‡¶á‡¶Ç‡¶≤‡¶ø‡¶∂ ‡¶™‡ßÇ‡¶∞‡ßç‡¶£ ‡¶∏‡¶Ç‡¶ñ‡ßç‡¶Ø‡¶æ ‡¶¨‡¶≤‡ßÅ‡¶®'}]
Request:
{'sender': '1640673606202749008', 'message': '‡¶Ü‡¶Æ‡¶ø ‡¶Ü‡¶Æ‡¶ø ‡¶Ü‡¶ú‡¶ï‡ßá ‡¶¢‡¶æ‡¶ï‡¶æ‡¶∞ ‡¶ê ‡¶Ö‡ßç‡¶Ø‡¶æ‡¶°‡ßç‡¶∞‡ßá‡¶∏‡¶ü‡¶æ ‡¶ï‡¶ø ‡¶Ü‡¶Æ‡¶ø', 'metadata': 'bn'}
‡¶Ü‡¶Æ‡¶ø ‡¶Ü‡¶Æ‡¶ø ‡¶Ü‡¶ú‡¶ï‡ßá ‡¶¢‡¶æ‡¶ï‡¶æ‡¶∞ ‡¶ê ‡¶Ö‡ßç‡¶Ø‡¶æ‡¶°‡ßç‡¶∞‡ßá‡¶∏‡¶ü‡¶æ ‡¶ï‡¶ø ‡¶Ü‡¶Æ‡¶ø
Response:
[{'recipient_id': 'default', 'text': '‡¶Ü‡¶Æ‡¶ø ‡¶Ü‡¶™‡¶®‡¶æ‡¶∞ ‡¶¨‡¶æ‡¶∞‡ßç‡¶§‡¶æ ‡¶ü‡¶æ ‡¶¨‡ßÅ‡¶ù‡¶§‡ßá ‡¶™‡¶æ‡¶∞‡¶ø ‡¶®‡¶ø‡•§ ‡¶Ü‡¶™‡¶®‡¶ø ‡¶ï‡¶ø ‡¶Ö‡¶®‡ßç‡¶Ø‡¶≠‡¶æ‡¶¨‡ßá ‡¶¨‡¶≤‡¶§‡ßá ‡¶™‡¶æ‡¶∞‡¶¨‡ßá‡¶® ‡¶™‡ßç‡¶≤‡¶ø‡¶ú?'}, {'recipient_id': 'default', 'text': '‡¶Ü‡¶™‡¶®‡¶æ‡¶∞ ‡¶ö‡¶æ‡¶∞ ‡¶°‡¶ø‡¶ú‡¶ø‡¶ü ‡¶è‡¶∞ ‡¶™‡¶ø‡¶® ‡¶®‡¶æ‡¶Æ‡ßç‡¶¨‡¶æ‡¶∞ ‡¶á‡¶Ç‡¶≤‡¶ø‡¶∂ ‡¶™‡ßÇ‡¶∞‡ßç‡¶£ ‡¶∏‡¶Ç‡¶ñ‡ßç‡¶Ø‡¶æ ‡¶¨‡¶≤‡ßÅ‡¶®'}]
Request:
{'sender': '1640673895217218009', 'message': 'Hello', 'metadata': 'bn'}
Hello
Response:
[{'recipient_id': 'default', 'text': '‡¶π‡ßç‡¶Ø‡¶æ‡¶≤‡ßã, ‡¶Ü‡¶Æ‡¶ø ‡¶¶‡¶ø‡¶∂‡¶æ‡•§ ‡¶Ü‡¶™‡¶®‡¶æ‡¶∞ ‡¶≠‡¶æ‡¶∞‡ßç‡¶ö‡ßÅ‡ßü‡¶æ‡¶≤ ‡¶Ö‡ßç‡¶Ø‡¶æ‡¶∏‡¶ø‡¶∏‡ßç‡¶ü‡ßç‡¶Ø‡¶æ‡¶®‡ßç‡¶ü‡•§ ‡¶Ü‡¶Æ‡¶ø ‡¶Ü‡¶™‡¶®‡¶æ‡¶ï‡ßá ‡¶ï‡¶ø‡¶≠‡¶æ‡¶¨‡ßá ‡¶∏‡¶π‡¶æ‡ßü‡¶§‡¶æ ‡¶ï‡¶∞‡¶§‡ßá ‡¶™‡¶æ‡¶∞‡¶ø?'}]
Request:
{'sender': '1640673895217218009', 'message': '‡¶Æ‡¶æ‡¶®‡ßá ‡¶Ü‡¶Æ‡¶æ‡¶∞ ‡¶Ö‡ßç‡¶Ø‡¶æ‡¶ï‡¶æ‡¶â‡¶®‡ßç‡¶ü‡ßá ‡¶¨‡ßç‡¶Ø‡¶æ‡¶≤‡ßá‡¶®‡ßç‡¶∏ ‡¶ï‡¶§ ‡¶Ü‡¶õ‡ßá', 'metadata': 'bn'}
‡¶Æ‡¶æ‡¶®‡ßá ‡¶Ü‡¶Æ‡¶æ‡¶∞ ‡¶Ö‡ßç‡¶Ø‡¶æ‡¶ï‡¶æ‡¶â‡¶®‡ßç‡¶ü‡ßá ‡¶¨‡ßç‡¶Ø‡¶æ‡¶≤‡ßá‡¶®‡ßç‡¶∏ ‡¶ï‡¶§ ‡¶Ü‡¶õ‡ßá
Response:
[{'recipient_id': 'default', 'text': '‡¶Ü‡¶ü ‡¶°‡¶ø‡¶ú‡¶ø‡¶ü ‡¶è‡¶∞ ‡¶è‡¶ï‡¶æ‡¶â‡¶®‡ßç‡¶ü ‡¶®‡¶æ‡¶Æ‡ßç‡¶¨‡¶æ‡¶∞ ‡¶¨‡¶≤‡ßÅ‡¶®'}]
Request:
{'sender': '1640673895217218009', 'message': '‡¶è‡¶ï ‡¶¶‡ßÅ‡¶á', 'metadata': 'bn'}
‡¶è‡¶ï ‡¶¶‡ßÅ‡¶á
Response:
[{'recipient_id': 'default', 'text': '‡¶Ü‡¶Æ‡¶ø ‡¶Ü‡¶™‡¶®‡¶æ‡¶∞ ‡¶¨‡¶æ‡¶∞‡ßç‡¶§‡¶æ ‡¶ü‡¶æ ‡¶¨‡ßÅ‡¶ù‡¶§‡ßá ‡¶™‡¶æ‡¶∞‡¶ø ‡¶®‡¶ø‡•§ ‡¶Ü‡¶™‡¶®‡¶ø ‡¶ï‡¶ø ‡¶Ö‡¶®‡ßç‡¶Ø‡¶≠‡¶æ‡¶¨‡ßá ‡¶¨‡¶≤‡¶§‡ßá ‡¶™‡¶æ‡¶∞‡¶¨‡ßá‡¶® ‡¶™‡ßç‡¶≤‡¶ø‡¶ú?'}, {'recipient_id': 'default', 'text': '‡¶Ü‡¶ü ‡¶°‡¶ø‡¶ú‡¶ø‡¶ü ‡¶è‡¶∞ ‡¶è‡¶ï‡¶æ‡¶â‡¶®‡ßç‡¶ü ‡¶®‡¶æ‡¶Æ‡ßç‡¶¨‡¶æ‡¶∞ ‡¶¨‡¶≤‡ßÅ‡¶®'}]
Request:
{'sender': '1640673895217218009', 'message': '‡¶ü‡ßÅ ‡¶ì‡ßü‡¶æ‡¶® ‡¶ü‡ßÅ ‡¶•‡ßç‡¶∞‡¶ø ‡¶è‡¶á‡¶ü ‡¶´‡ßã‡¶∞ ‡¶´‡¶æ‡¶á‡¶≠ ‡¶∏‡¶ø‡¶ï‡ßç‡¶∏', 'metadata': 'bn'}
21238456
Response:
[{'recipient_id': 'default', 'text': '‡¶Ü‡¶™‡¶®‡¶ø ‡¶¨‡¶≤‡ßá‡¶õ‡ßá‡¶®,  ‡¶ü‡ßÅ ‡¶ì‡ßü‡¶æ‡¶® ‡¶ü‡ßÅ ‡¶•‡ßç‡¶∞‡¶ø ‡¶è‡¶á‡¶ü ‡¶´‡ßã‡¶∞ ‡¶´‡¶æ‡¶á‡¶≠ ‡¶∏‡¶ø‡¶ï‡ßç‡¶∏ ‡•§ ‡¶∏‡ßá‡¶ü‡¶æ ‡¶†‡¶ø‡¶ï ‡¶π‡¶≤‡ßá ‡¶¨‡¶≤‡ßÅ‡¶®, ‡¶π‡ßç‡¶Ø‡¶æ ‡¶†‡¶ø‡¶ï ‡¶Ü‡¶õ‡ßá ‡•§'}]
Request:
{'sender': '1640673895217218009', 'message': '‡¶∏‡¶ø‡¶ï‡ßç‡¶∏ ‡¶®‡¶æ‡¶á‡¶®', 'metadata': 'bn'}
69
Response:
[{'recipient_id': 'default', 'text': '‡¶Ü‡¶™‡¶®‡¶æ‡¶∞ ‡¶ö‡¶æ‡¶∞ ‡¶°‡¶ø‡¶ú‡¶ø‡¶ü ‡¶è‡¶∞ ‡¶™‡¶ø‡¶® ‡¶®‡¶æ‡¶Æ‡ßç‡¶¨‡¶æ‡¶∞ ‡¶á‡¶Ç‡¶≤‡¶ø‡¶∂ ‡¶™‡ßÇ‡¶∞‡ßç‡¶£ ‡¶∏‡¶Ç‡¶ñ‡ßç‡¶Ø‡¶æ ‡¶¨‡¶≤‡ßÅ‡¶®'}]
Request:
{'sender': '1640673895217218009', 'message': '‡¶ì‡ßü‡¶æ‡¶® ‡¶ü‡ßÅ ‡¶•‡ßç‡¶∞‡¶ø ‡¶´‡ßã‡¶∞', 'metadata': 'bn'}
1234
Response:
[{'recipient_id': 'default', 'text': '‡¶Ü‡¶™‡¶®‡¶ø ‡¶¨‡¶≤‡ßá‡¶õ‡ßá‡¶®,  ‡¶ì‡ßü‡¶æ‡¶® ‡¶ü‡ßÅ ‡¶•‡ßç‡¶∞‡¶ø ‡¶´‡ßã‡¶∞ ‡•§ ‡¶∏‡ßá‡¶ü‡¶æ ‡¶†‡¶ø‡¶ï ‡¶π‡¶≤‡ßá ‡¶¨‡¶≤‡ßÅ‡¶®, ‡¶π‡ßç‡¶Ø‡¶æ ‡¶†‡¶ø‡¶ï ‡¶Ü‡¶õ‡ßá ‡•§'}]
Request:
{'sender': '1640673895217218009', 'message': '‡¶†‡¶ø‡¶ï ‡¶Ü‡¶õ‡ßá', 'metadata': 'bn'}
‡¶†‡¶ø‡¶ï ‡¶Ü‡¶õ‡ßá
Response:
[{'recipient_id': 'default', 'text': '‡¶Ü‡¶™‡¶®‡¶æ‡¶∞ ‡¶Ö‡ßç‡¶Ø‡¶æ‡¶ï‡¶æ‡¶â‡¶®‡ßç‡¶ü‡ßá‡¶∞ ‡¶¨‡ßç‡¶Ø‡¶æ‡¶≤‡ßá‡¶®‡ßç‡¶∏ ‡¶π‡¶≤ ‡¶è‡¶ï ‡¶≤‡¶ï‡ßç‡¶∑ ‡¶õ‡ßü ‡¶π‡¶æ‡¶ú‡¶æ‡¶∞ ‡¶ü‡¶æ‡¶ï‡¶æ'}]
Request:
{'sender': '1640673895217218009', 'message': '‡¶Ü‡¶ú‡¶ï‡ßá‡¶∞ ‡¶°‡¶≤‡¶æ‡¶∞ ‡¶Ö‡ßç‡¶Ø‡¶æ‡¶° ‡¶ï‡¶§', 'metadata': 'bn'}
‡¶Ü‡¶ú‡¶ï‡ßá‡¶∞ ‡¶°‡¶≤‡¶æ‡¶∞ ‡¶Ö‡ßç‡¶Ø‡¶æ‡¶° ‡¶ï‡¶§
changed text
Response:
[{'recipient_id': 'default', 'text': '‡¶Ü‡¶ú‡¶ï‡ßá‡¶∞ ‡¶∞‡ßá‡¶ü ‡¶π‡¶ö‡ßç‡¶õ‡ßá ‡¶™‡¶Å‡¶ö‡¶æ‡¶∂‡¶ø ‡¶ü‡¶æ‡¶ï‡¶æ ‡¶¨‡¶æ‡¶π‡¶æ‡¶§‡ßç‡¶§‡¶∞ ‡¶™‡ßü‡¶∏‡¶æ‡•§'}]
Request:
{'sender': '1640673895217218009', 'message': '‡¶Ü‡¶ú‡¶ï‡ßá ‡¶ü‡¶æ‡¶á‡¶Æ ‡¶ï‡¶§ ‡¶è‡¶ñ‡¶® ‡¶ï‡¶æ‡¶∞‡ßç‡¶°‡¶ü‡¶æ‡¶á ‡¶ï‡¶§', 'metadata': 'bn'}
‡¶Ü‡¶ú‡¶ï‡ßá ‡¶ü‡¶æ‡¶á‡¶Æ ‡¶ï‡¶§ ‡¶è‡¶ñ‡¶® ‡¶ï‡¶æ‡¶∞‡ßç‡¶°‡¶ü‡¶æ‡¶á ‡¶ï‡¶§
Response:
[{'recipient_id': 'default', 'text': '‡¶è‡¶ñ‡¶® ‡¶∏‡¶Æ‡ßü, ‡¶¨‡¶æ‡¶∞‡ßã ‡¶ü‡¶æ ‡¶¨‡ßá‡¶ú‡ßá ‡¶¨‡¶æ‡¶∞‡ßã ‡¶Æ‡¶ø‡¶®‡¶ø‡¶ü‡•§ ‡¶Ü‡¶ú‡¶ï‡ßá‡¶∞ ‡¶§‡¶æ‡¶∞‡¶ø‡¶ñ ‡¶π‡¶ö‡ßç‡¶õ‡ßá, ‡¶Ü‡¶†‡¶æ‡¶∂, ‡¶°‡¶ø‡¶∏‡ßá‡¶Æ‡ßç‡¶¨‡¶∞, ‡¶¶‡ßÅ‡¶á ‡¶π‡¶æ‡¶ú‡¶æ‡¶∞ ‡¶è‡¶ï‡ßÅ‡¶∂ ‡•§'}]
Request:
{'sender': '1640673895217218009', 'message': '‡¶¨‡¶ø‡¶∂ ‡¶Ö‡¶ï‡ßç‡¶ü‡ßã‡¶¨‡¶∞ ‡¶õ‡ßá‡¶≤‡ßá‡¶∞ ‡¶®‡¶æ‡¶Æ‡ßá', 'metadata': 'bn'}
‡¶¨‡¶ø‡¶∂ ‡¶Ö‡¶ï‡ßç‡¶ü‡ßã‡¶¨‡¶∞ ‡¶õ‡ßá‡¶≤‡ßá‡¶∞ ‡¶®‡¶æ‡¶Æ‡ßá
Response:
[{'recipient_id': 'default', 'text': '‡¶Ü‡¶Æ‡¶ø ‡¶Ü‡¶™‡¶®‡¶æ‡¶∞ ‡¶¨‡¶æ‡¶∞‡ßç‡¶§‡¶æ ‡¶ü‡¶æ ‡¶¨‡ßÅ‡¶ù‡¶§‡ßá ‡¶™‡¶æ‡¶∞‡¶ø ‡¶®‡¶ø‡•§ ‡¶Ü‡¶™‡¶®‡¶ø ‡¶ï‡¶ø ‡¶Ö‡¶®‡ßç‡¶Ø‡¶≠‡¶æ‡¶¨‡ßá ‡¶¨‡¶≤‡¶§‡ßá ‡¶™‡¶æ‡¶∞‡¶¨‡ßá‡¶® ‡¶™‡ßç‡¶≤‡¶ø‡¶ú?'}]
Request:
{'sender': '1640673895217218009', 'message': '‡¶ñ‡ßÅ‡¶¨‡¶á ‡¶õ‡ßá‡¶≤‡ßá ‡¶®‡¶æ‡¶ï‡¶ø', 'metadata': 'bn'}
‡¶ñ‡ßÅ‡¶¨‡¶á ‡¶õ‡ßá‡¶≤‡ßá ‡¶®‡¶æ‡¶ï‡¶ø
Response:
[{'recipient_id': 'default', 'text': '‡¶¶‡ßÅ‡¶É‡¶ñ‡¶ø‡¶§! ‡¶Ü‡¶Æ‡¶ø ‡¶Ö‡¶™‡ßç‡¶∞‡¶æ‡¶∏‡¶ô‡ßç‡¶ó‡¶ø‡¶ï ‡¶™‡ßç‡¶∞‡¶∂‡ßç‡¶®‡ßá‡¶∞ ‡¶â‡¶§‡ßç‡¶§‡¶∞ ‡¶¶‡¶ø‡¶§‡ßá ‡¶™‡¶æ‡¶∞‡¶õ‡¶ø ‡¶®‡¶æ‡•§'}]
Request:
{'sender': '1640673895217218009', 'message': '‡¶Ü‡¶ú‡¶ï‡ßá‡¶∞ ‡¶ê‡¶ü‡¶æ‡¶∞ ‡¶ï‡ßá‡¶Æ‡¶®', 'metadata': 'bn'}
‡¶Ü‡¶ú‡¶ï‡ßá‡¶∞ ‡¶ê‡¶ü‡¶æ‡¶∞ ‡¶ï‡ßá‡¶Æ‡¶®
Response:
[{'recipient_id': 'default', 'text': '‡¶Ü‡¶ú‡¶ï‡ßá‡¶∞ ‡¶ì‡ßü‡ßá‡¶¶‡¶æ‡¶∞, ‡¶Æ‡ßá‡¶ò ‡¶Æ‡ßÅ‡¶ï‡ßç‡¶§ ‡¶Æ‡¶æ‡¶ü‡¶ø, ‡¶ï‡¶æ‡¶Å‡¶¶‡¶æ ‡¶Æ‡ßÅ‡¶ï‡ßç‡¶§ ‡¶Ü‡¶ï‡¶æ‡¶∂, ‡¶ñ‡ßÅ‡¶¨‡¶á ‡¶ö‡¶Æ‡ßé‡¶ï‡¶æ‡¶∞ ‡¶ì‡ßü‡ßá‡¶¶‡¶æ‡¶∞‡•§'}]
Request:
{'sender': '1640673895217218009', 'message': '‡¶è‡¶á‡¶ü‡¶æ ‡¶¶‡ßá‡¶∂‡ßá', 'metadata': 'bn'}
‡¶è‡¶á‡¶ü‡¶æ ‡¶¶‡ßá‡¶∂‡ßá
Response:
[{'recipient_id': 'default', 'text': '‡¶Ü‡¶Æ‡¶ø ‡¶Ü‡¶™‡¶®‡¶æ‡¶∞ ‡¶¨‡¶æ‡¶∞‡ßç‡¶§‡¶æ ‡¶ü‡¶æ ‡¶¨‡ßÅ‡¶ù‡¶§‡ßá ‡¶™‡¶æ‡¶∞‡¶ø ‡¶®‡¶ø‡•§ ‡¶Ü‡¶™‡¶®‡¶ø ‡¶ï‡¶ø ‡¶Ö‡¶®‡ßç‡¶Ø‡¶≠‡¶æ‡¶¨‡ßá ‡¶¨‡¶≤‡¶§‡ßá ‡¶™‡¶æ‡¶∞‡¶¨‡ßá‡¶® ‡¶™‡ßç‡¶≤‡¶ø‡¶ú?'}]
Request:
{'sender': '1640675354213208010', 'message': 'Hello', 'metadata': 'bn'}
Hello
Response:
[{'recipient_id': 'default', 'text': '‡¶π‡ßç‡¶Ø‡¶æ‡¶≤‡ßã, ‡¶Ü‡¶Æ‡¶ø ‡¶¶‡¶ø‡¶∂‡¶æ‡•§ ‡¶Ü‡¶™‡¶®‡¶æ‡¶∞ ‡¶≠‡¶æ‡¶∞‡ßç‡¶ö‡ßÅ‡ßü‡¶æ‡¶≤ ‡¶Ö‡ßç‡¶Ø‡¶æ‡¶∏‡¶ø‡¶∏‡ßç‡¶ü‡ßç‡¶Ø‡¶æ‡¶®‡ßç‡¶ü‡•§ ‡¶Ü‡¶Æ‡¶ø ‡¶Ü‡¶™‡¶®‡¶æ‡¶ï‡ßá ‡¶ï‡¶ø‡¶≠‡¶æ‡¶¨‡ßá ‡¶∏‡¶π‡¶æ‡ßü‡¶§‡¶æ ‡¶ï‡¶∞‡¶§‡ßá ‡¶™‡¶æ‡¶∞‡¶ø?'}]
Request:
{'sender': '1640675354213208010', 'message': '‡¶ü‡¶æ‡¶á‡¶Æ ‡¶ï‡¶§', 'metadata': 'bn'}
‡¶ü‡¶æ‡¶á‡¶Æ ‡¶ï‡¶§
Response:
[{'recipient_id': 'default', 'text': '‡¶è‡¶ñ‡¶® ‡¶∏‡¶Æ‡ßü, ‡¶§‡ßá‡¶∞‡ßã ‡¶ü‡¶æ ‡¶¨‡ßá‡¶ú‡ßá ‡¶§‡ßá‡¶∞‡ßã ‡¶Æ‡¶ø‡¶®‡¶ø‡¶ü‡•§ ‡¶Ü‡¶ú‡¶ï‡ßá‡¶∞ ‡¶§‡¶æ‡¶∞‡¶ø‡¶ñ ‡¶π‡¶ö‡ßç‡¶õ‡ßá, ‡¶Ü‡¶†‡¶æ‡¶∂, ‡¶°‡¶ø‡¶∏‡ßá‡¶Æ‡ßç‡¶¨‡¶∞, ‡¶¶‡ßÅ‡¶á ‡¶π‡¶æ‡¶ú‡¶æ‡¶∞ ‡¶è‡¶ï‡ßÅ‡¶∂ ‡•§'}]
Request:
{'sender': '1640676686208899011', 'message': 'Hello', 'metadata': 'bn'}
Hello
Response:
[{'recipient_id': 'default', 'text': '‡¶π‡ßç‡¶Ø‡¶æ‡¶≤‡ßã, ‡¶Ü‡¶Æ‡¶ø ‡¶¶‡¶ø‡¶∂‡¶æ‡•§ ‡¶Ü‡¶™‡¶®‡¶æ‡¶∞ ‡¶≠‡¶æ‡¶∞‡ßç‡¶ö‡ßÅ‡ßü‡¶æ‡¶≤ ‡¶Ö‡ßç‡¶Ø‡¶æ‡¶∏‡¶ø‡¶∏‡ßç‡¶ü‡ßç‡¶Ø‡¶æ‡¶®‡ßç‡¶ü‡•§ ‡¶Ü‡¶Æ‡¶ø ‡¶Ü‡¶™‡¶®‡¶æ‡¶ï‡ßá ‡¶ï‡¶ø‡¶≠‡¶æ‡¶¨‡ßá ‡¶∏‡¶π‡¶æ‡ßü‡¶§‡¶æ ‡¶ï‡¶∞‡¶§‡ßá ‡¶™‡¶æ‡¶∞‡¶ø?'}]
